<?xml version="1.0" encoding="UTF-8"?>
<robot generator="Robot 7.2.2 (Python 3.13.3 on win32)" generated="2025-06-09T14:01:54.870343" rpa="false" schemaversion="5">
<suite id="s1" name="Tests" source="C:\Users\accro\Documents\compass\Semana 12 - Sprint 6\ServeRest - Testes automatizados\tests">
<suite id="s1-s1" name="Tests Carrinhos" source="C:\Users\accro\Documents\compass\Semana 12 - Sprint 6\ServeRest - Testes automatizados\tests\tests_carrinhos.robot">
<kw name="Criar sessão na API" owner="geral_keywords" type="SETUP">
<kw name="Create Session" owner="RequestsLibrary">
<msg time="2025-06-09T14:01:55.935702" level="INFO">Creating Session using : alias=serverest, url=https://compassuol.serverest.dev/, headers={},                     cookies={}, auth=None, timeout=None, proxies=None, verify=False,                     debug=0 </msg>
<arg>serverest</arg>
<arg>${URL_BASE}</arg>
<doc>Create Session: create a HTTP session to a server</doc>
<status status="PASS" start="2025-06-09T14:01:55.935522" elapsed="0.000398"/>
</kw>
<status status="PASS" start="2025-06-09T14:01:55.934823" elapsed="0.001186"/>
</kw>
<test id="s1-s1-t1" name="CT32: POST Cadastrar carrinho com usuário válido" line="7">
<kw name="POST Endpoint /carrinhos" owner="carrinhos_keywords">
<kw name="Body para cadastro de carrinho" owner="carrinhos_keywords">
<kw name="Obter ID do produto" owner="produtos_keywords">
<kw name="Criar sessão e obter token" owner="produtos_keywords">
<kw name="Criar sessão na API" owner="geral_keywords">
<kw name="Create Session" owner="RequestsLibrary">
<msg time="2025-06-09T14:01:55.938189" level="INFO">Creating Session using : alias=serverest, url=https://compassuol.serverest.dev/, headers={},                     cookies={}, auth=None, timeout=None, proxies=None, verify=False,                     debug=0 </msg>
<arg>serverest</arg>
<arg>${URL_BASE}</arg>
<doc>Create Session: create a HTTP session to a server</doc>
<status status="PASS" start="2025-06-09T14:01:55.938070" elapsed="0.000253"/>
</kw>
<status status="PASS" start="2025-06-09T14:01:55.937896" elapsed="0.000487"/>
</kw>
<kw name="POST Endpoint /usuarios" owner="usuarios_keywords">
<kw name="Body para cadastro de usuário" owner="usuarios_keywords">
<kw name="First Name" owner="FakerLibrary">
<msg time="2025-06-09T14:01:55.939105" level="INFO">${primeiro_nome} = Karen</msg>
<var>${primeiro_nome}</var>
<status status="PASS" start="2025-06-09T14:01:55.938863" elapsed="0.000271"/>
</kw>
<kw name="Last Name" owner="FakerLibrary">
<msg time="2025-06-09T14:01:55.939499" level="INFO">${sobrenome} = Garner</msg>
<var>${sobrenome}</var>
<status status="PASS" start="2025-06-09T14:01:55.939234" elapsed="0.000288"/>
</kw>
<kw name="Email" owner="FakerLibrary">
<msg time="2025-06-09T14:01:55.939901" level="INFO">${email} = robertaortega@example.net</msg>
<var>${email}</var>
<status status="PASS" start="2025-06-09T14:01:55.939608" elapsed="0.000318"/>
</kw>
<kw name="Evaluate" owner="BuiltIn">
<msg time="2025-06-09T14:01:55.940230" level="INFO">${caracteres} = 6</msg>
<var>${caracteres}</var>
<arg>random.randint(5, 10)</arg>
<arg>random</arg>
<doc>Evaluates the given expression in Python and returns the result.</doc>
<status status="PASS" start="2025-06-09T14:01:55.940019" elapsed="0.000233"/>
</kw>
<kw name="Convert To Integer" owner="BuiltIn">
<msg time="2025-06-09T14:01:55.940490" level="INFO">${caracteres_int} = 6</msg>
<var>${caracteres_int}</var>
<arg>${caracteres}</arg>
<doc>Converts the given item to an integer number.</doc>
<status status="PASS" start="2025-06-09T14:01:55.940347" elapsed="0.000162"/>
</kw>
<kw name="Password" owner="FakerLibrary">
<msg time="2025-06-09T14:01:55.940892" level="INFO">${password} = 2HXcrM</msg>
<var>${password}</var>
<arg>length=${caracteres_int}</arg>
<arg>special_chars=False</arg>
<doc>Generate a random password of the specified ``length``.</doc>
<status status="PASS" start="2025-06-09T14:01:55.940593" elapsed="0.000325"/>
</kw>
<kw name="Create Dictionary" owner="BuiltIn">
<msg time="2025-06-09T14:01:55.941645" level="INFO">${body} = {'nome': 'Karen Garner', 'email': 'robertaortega@example.net', 'password': '2HXcrM', 'administrador': 'true'}</msg>
<var>${body}</var>
<arg>nome=${primeiro_nome} ${sobrenome}</arg>
<arg>email=${email}</arg>
<arg>password=${password}</arg>
<arg>administrador=true</arg>
<doc>Creates and returns a dictionary based on the given ``items``.</doc>
<status status="PASS" start="2025-06-09T14:01:55.941033" elapsed="0.000642"/>
</kw>
<kw name="Set Test Variable" owner="BuiltIn">
<msg time="2025-06-09T14:01:55.941971" level="INFO">${body} = {'nome': 'Karen Garner', 'email': 'robertaortega@example.net', 'password': '2HXcrM', 'administrador': 'true'}</msg>
<arg>${body}</arg>
<doc>Makes a variable available everywhere within the scope of the current test.</doc>
<status status="PASS" start="2025-06-09T14:01:55.941796" elapsed="0.000211"/>
</kw>
<kw name="Set Test Variable" owner="BuiltIn">
<msg time="2025-06-09T14:01:55.942248" level="INFO">${email} = robertaortega@example.net</msg>
<arg>${email}</arg>
<doc>Makes a variable available everywhere within the scope of the current test.</doc>
<status status="PASS" start="2025-06-09T14:01:55.942105" elapsed="0.000175"/>
</kw>
<kw name="Set Test Variable" owner="BuiltIn">
<msg time="2025-06-09T14:01:55.942708" level="INFO">${password} = 2HXcrM</msg>
<arg>${password}</arg>
<doc>Makes a variable available everywhere within the scope of the current test.</doc>
<status status="PASS" start="2025-06-09T14:01:55.942365" elapsed="0.000401"/>
</kw>
<status status="PASS" start="2025-06-09T14:01:55.938702" elapsed="0.004130"/>
</kw>
<kw name="POST On Session" owner="RequestsLibrary">
<msg time="2025-06-09T14:01:56.891824" level="INFO">POST Request : url=https://compassuol.serverest.dev/usuarios 
 path_url=/usuarios 
 headers={'User-Agent': 'python-requests/2.32.3', 'Accept-Encoding': 'gzip, deflate', 'Accept': '*/*', 'Connection': 'keep-alive', 'Content-Length': '109', 'Content-Type': 'application/json'} 
 body=b'{"nome": "Karen Garner", "email": "robertaortega@example.net", "password": "2HXcrM", "administrador": "true"}' 
 </msg>
<msg time="2025-06-09T14:01:56.892103" level="INFO">POST Response : url=https://compassuol.serverest.dev/usuarios 
 status=201, reason=Created 
 headers={'access-control-allow-origin': '*', 'x-dns-prefetch-control': 'off', 'x-frame-options': 'SAMEORIGIN', 'strict-transport-security': 'max-age=15552000; includeSubDomains', 'x-download-options': 'noopen', 'x-content-type-options': 'nosniff', 'x-xss-protection': '1; mode=block', 'content-type': 'application/json; charset=utf-8', 'x-cloud-trace-context': 'da13273ea20857b56a2ec7684e522bd1;o=1', 'date': 'Mon, 09 Jun 2025 17:01:56 GMT', 'server': 'Google Frontend', 'Content-Length': '82'} 
 body={
    "message": "Cadastro realizado com sucesso",
    "_id": "8LbJaUyGuEX4VgGu"
} 
 </msg>
<msg time="2025-06-09T14:01:56.892252" level="INFO">C:\Users\accro\AppData\Local\Programs\Python\Python313\Lib\site-packages\urllib3\connectionpool.py:1097: InsecureRequestWarning: Unverified HTTPS request is being made to host 'compassuol.serverest.dev'. Adding certificate verification is strongly advised. See: https://urllib3.readthedocs.io/en/latest/advanced-usage.html#tls-warnings
  warnings.warn(</msg>
<msg time="2025-06-09T14:01:56.892912" level="INFO">${response} = &lt;Response [201]&gt;</msg>
<var>${response}</var>
<arg>serverest</arg>
<arg>/usuarios</arg>
<arg>json=${body}</arg>
<arg>expected_status=any</arg>
<doc>Sends a POST request on a previously created HTTP Session.</doc>
<status status="PASS" start="2025-06-09T14:01:55.942952" elapsed="0.950063"/>
</kw>
<kw name="Log To Console" owner="BuiltIn">
<arg>Usuário criado: ${body}</arg>
<doc>Logs the given message to the console.</doc>
<status status="PASS" start="2025-06-09T14:01:56.893675" elapsed="0.001001"/>
</kw>
<kw name="Set Test Variable" owner="BuiltIn">
<msg time="2025-06-09T14:01:56.895458" level="INFO">${body} = {'nome': 'Karen Garner', 'email': 'robertaortega@example.net', 'password': '2HXcrM', 'administrador': 'true'}</msg>
<arg>${body}</arg>
<doc>Makes a variable available everywhere within the scope of the current test.</doc>
<status status="PASS" start="2025-06-09T14:01:56.895036" elapsed="0.000776"/>
</kw>
<kw name="Set Test Variable" owner="BuiltIn">
<msg time="2025-06-09T14:01:56.896418" level="INFO">${email} = robertaortega@example.net</msg>
<arg>${email}</arg>
<doc>Makes a variable available everywhere within the scope of the current test.</doc>
<status status="PASS" start="2025-06-09T14:01:56.896043" elapsed="0.000468"/>
</kw>
<kw name="Set Test Variable" owner="BuiltIn">
<msg time="2025-06-09T14:01:56.897101" level="INFO">${password} = 2HXcrM</msg>
<arg>${password}</arg>
<doc>Makes a variable available everywhere within the scope of the current test.</doc>
<status status="PASS" start="2025-06-09T14:01:56.896749" elapsed="0.000434"/>
</kw>
<kw name="Set Test Variable" owner="BuiltIn">
<msg time="2025-06-09T14:01:56.897596" level="INFO">${response} = &lt;Response [201]&gt;</msg>
<arg>${response}</arg>
<doc>Makes a variable available everywhere within the scope of the current test.</doc>
<status status="PASS" start="2025-06-09T14:01:56.897354" elapsed="0.000297"/>
</kw>
<status status="PASS" start="2025-06-09T14:01:55.938495" elapsed="0.959238"/>
</kw>
<kw name="POST Endpoint /login" owner="login_keywords">
<kw name="Create Dictionary" owner="BuiltIn">
<msg time="2025-06-09T14:01:56.898669" level="INFO">${body} = {'email': 'robertaortega@example.net', 'password': '2HXcrM'}</msg>
<var>${body}</var>
<arg>email=${email}</arg>
<arg>password=${password}</arg>
<doc>Creates and returns a dictionary based on the given ``items``.</doc>
<status status="PASS" start="2025-06-09T14:01:56.898349" elapsed="0.000362"/>
</kw>
<kw name="POST On Session" owner="RequestsLibrary">
<msg time="2025-06-09T14:01:57.095328" level="INFO">POST Request : url=https://compassuol.serverest.dev/login 
 path_url=/login 
 headers={'User-Agent': 'python-requests/2.32.3', 'Accept-Encoding': 'gzip, deflate', 'Accept': '*/*', 'Connection': 'keep-alive', 'Content-Length': '60', 'Content-Type': 'application/json'} 
 body=b'{"email": "robertaortega@example.net", "password": "2HXcrM"}' 
 </msg>
<msg time="2025-06-09T14:01:57.095531" level="INFO">POST Response : url=https://compassuol.serverest.dev/login 
 status=200, reason=OK 
 headers={'access-control-allow-origin': '*', 'x-dns-prefetch-control': 'off', 'x-frame-options': 'SAMEORIGIN', 'strict-transport-security': 'max-age=15552000; includeSubDomains', 'x-download-options': 'noopen', 'x-content-type-options': 'nosniff', 'x-xss-protection': '1; mode=block', 'content-type': 'application/json; charset=utf-8', 'x-cloud-trace-context': '6f8e304f2fce4a456a2ec7684e5224ec', 'date': 'Mon, 09 Jun 2025 17:01:57 GMT', 'server': 'Google Frontend', 'Content-Length': '283'} 
 body={
    "message": "Login realizado com sucesso",
    "authorization": "Bearer eyJhbGciOiJIUzI1NiIsInR5cCI6IkpXVCJ9.eyJlbWFpbCI6InJvYmVydGFvcnRlZ2FAZXhhbXBsZS5uZXQiLCJwYXNzd29yZCI6IjJIWGNyTSIsImlhdCI6MTc0OTQ4ODUxNywiZXhwIjoxNzQ5NDg5MTE3fQ.b6y76fxGVonLjAFsWYsWNlDZLR7yBznBkYbUe3cGGyo"
} 
 </msg>
<msg time="2025-06-09T14:01:57.095698" level="INFO">C:\Users\accro\AppData\Local\Programs\Python\Python313\Lib\site-packages\urllib3\connectionpool.py:1097: InsecureRequestWarning: Unverified HTTPS request is being made to host 'compassuol.serverest.dev'. Adding certificate verification is strongly advised. See: https://urllib3.readthedocs.io/en/latest/advanced-usage.html#tls-warnings
  warnings.warn(</msg>
<msg time="2025-06-09T14:01:57.096243" level="INFO">${response} = &lt;Response [200]&gt;</msg>
<var>${response}</var>
<arg>serverest</arg>
<arg>/login</arg>
<arg>json=${body}</arg>
<arg>expected_status=any</arg>
<doc>Sends a POST request on a previously created HTTP Session.</doc>
<status status="PASS" start="2025-06-09T14:01:56.898865" elapsed="0.197456"/>
</kw>
<kw name="Log To Console" owner="BuiltIn">
<arg>Email: ${email}\nSenha: ${password}</arg>
<doc>Logs the given message to the console.</doc>
<status status="PASS" start="2025-06-09T14:01:57.096679" elapsed="0.000611"/>
</kw>
<kw name="Set Test Variable" owner="BuiltIn">
<msg time="2025-06-09T14:01:57.097963" level="INFO">${response} = &lt;Response [200]&gt;</msg>
<arg>${response}</arg>
<doc>Makes a variable available everywhere within the scope of the current test.</doc>
<status status="PASS" start="2025-06-09T14:01:57.097615" elapsed="0.000430"/>
</kw>
<status status="PASS" start="2025-06-09T14:01:56.897940" elapsed="0.200204"/>
</kw>
<kw name="Guardar token gerado" owner="login_keywords">
<kw name="Get From Dictionary" owner="Collections">
<msg time="2025-06-09T14:01:57.099490" level="INFO">${token} = Bearer eyJhbGciOiJIUzI1NiIsInR5cCI6IkpXVCJ9.eyJlbWFpbCI6InJvYmVydGFvcnRlZ2FAZXhhbXBsZS5uZXQiLCJwYXNzd29yZCI6IjJIWGNyTSIsImlhdCI6MTc0OTQ4ODUxNywiZXhwIjoxNzQ5NDg5MTE3fQ.b6y76fxGVonLjAFsWYsWNlDZLR7yBznBk...</msg>
<var>${token}</var>
<arg>${response.json()}</arg>
<arg>authorization</arg>
<doc>Returns a value from the given ``dictionary`` based on the given ``key``.</doc>
<status status="PASS" start="2025-06-09T14:01:57.098713" elapsed="0.000822"/>
</kw>
<kw name="Set Test Variable" owner="BuiltIn">
<msg time="2025-06-09T14:01:57.099962" level="INFO">${token} = Bearer eyJhbGciOiJIUzI1NiIsInR5cCI6IkpXVCJ9.eyJlbWFpbCI6InJvYmVydGFvcnRlZ2FAZXhhbXBsZS5uZXQiLCJwYXNzd29yZCI6IjJIWGNyTSIsImlhdCI6MTc0OTQ4ODUxNywiZXhwIjoxNzQ5NDg5MTE3fQ.b6y76fxGVonLjAFsWYsWNlDZLR7yBznBk...</msg>
<arg>${token}</arg>
<doc>Makes a variable available everywhere within the scope of the current test.</doc>
<status status="PASS" start="2025-06-09T14:01:57.099719" elapsed="0.000301"/>
</kw>
<status status="PASS" start="2025-06-09T14:01:57.098362" elapsed="0.001734"/>
</kw>
<status status="PASS" start="2025-06-09T14:01:55.937723" elapsed="1.162427"/>
</kw>
<kw name="POST Endpoint /produtos com autenticação" owner="produtos_keywords">
<kw name="Create Dictionary" owner="BuiltIn">
<msg time="2025-06-09T14:01:57.101023" level="INFO">${header} = {'Authorization': 'Bearer eyJhbGciOiJIUzI1NiIsInR5cCI6IkpXVCJ9.eyJlbWFpbCI6InJvYmVydGFvcnRlZ2FAZXhhbXBsZS5uZXQiLCJwYXNzd29yZCI6IjJIWGNyTSIsImlhdCI6MTc0OTQ4ODUxNywiZXhwIjoxNzQ5NDg5MTE3fQ.b6y76fxGVonLjA...</msg>
<var>${header}</var>
<arg>Authorization=${token}</arg>
<doc>Creates and returns a dictionary based on the given ``items``.</doc>
<status status="PASS" start="2025-06-09T14:01:57.100715" elapsed="0.000347"/>
</kw>
<kw name="Body para cadastro de produto" owner="produtos_keywords">
<kw name="Word" owner="FakerLibrary">
<msg time="2025-06-09T14:01:57.101808" level="INFO">${nome} = free</msg>
<var>${nome}</var>
<doc>Generate a word.</doc>
<status status="PASS" start="2025-06-09T14:01:57.101586" elapsed="0.000255"/>
</kw>
<kw name="Random Int" owner="FakerLibrary">
<msg time="2025-06-09T14:01:57.102251" level="INFO">${preco} = 6966</msg>
<var>${preco}</var>
<arg>min=50</arg>
<doc>Generate a random integer between two integers ``min`` and ``max`` inclusive
while observing the provided ``step`` value.</doc>
<status status="PASS" start="2025-06-09T14:01:57.101978" elapsed="0.000312"/>
</kw>
<kw name="Paragraph" owner="FakerLibrary">
<msg time="2025-06-09T14:01:57.121458" level="INFO">${descricao} = Employee course attack remember few week.</msg>
<var>${descricao}</var>
<arg>nb_sentences=1</arg>
<doc>Generate a paragraph.</doc>
<status status="PASS" start="2025-06-09T14:01:57.102445" elapsed="0.019098"/>
</kw>
<kw name="Random Int" owner="FakerLibrary">
<msg time="2025-06-09T14:01:57.122382" level="INFO">${quantidade} = 127</msg>
<var>${quantidade}</var>
<arg>min=20</arg>
<arg>max=200</arg>
<doc>Generate a random integer between two integers ``min`` and ``max`` inclusive
while observing the provided ``step`` value.</doc>
<status status="PASS" start="2025-06-09T14:01:57.121842" elapsed="0.000603"/>
</kw>
<kw name="Create Dictionary" owner="BuiltIn">
<msg time="2025-06-09T14:01:57.124030" level="INFO">${body} = {'nome': 'free', 'preco': 6966, 'descricao': 'Employee course attack remember few week.', 'quantidade': 127}</msg>
<var>${body}</var>
<arg>nome=${nome}</arg>
<arg>preco=${preco}</arg>
<arg>descricao=${descricao}</arg>
<arg>quantidade=${quantidade}</arg>
<doc>Creates and returns a dictionary based on the given ``items``.</doc>
<status status="PASS" start="2025-06-09T14:01:57.122969" elapsed="0.001323"/>
</kw>
<kw name="Set Test Variable" owner="BuiltIn">
<msg time="2025-06-09T14:01:57.125051" level="INFO">${body} = {'nome': 'free', 'preco': 6966, 'descricao': 'Employee course attack remember few week.', 'quantidade': 127}</msg>
<arg>${body}</arg>
<doc>Makes a variable available everywhere within the scope of the current test.</doc>
<status status="PASS" start="2025-06-09T14:01:57.124611" elapsed="0.000534"/>
</kw>
<status status="PASS" start="2025-06-09T14:01:57.101274" elapsed="0.023992"/>
</kw>
<kw name="POST On Session" owner="RequestsLibrary">
<msg time="2025-06-09T14:01:57.319625" level="INFO">POST Request : url=https://compassuol.serverest.dev/produtos 
 path_url=/produtos 
 headers={'User-Agent': 'python-requests/2.32.3', 'Accept-Encoding': 'gzip, deflate', 'Accept': '*/*', 'Connection': 'keep-alive', 'Authorization': 'Bearer eyJhbGciOiJIUzI1NiIsInR5cCI6IkpXVCJ9.eyJlbWFpbCI6InJvYmVydGFvcnRlZ2FAZXhhbXBsZS5uZXQiLCJwYXNzd29yZCI6IjJIWGNyTSIsImlhdCI6MTc0OTQ4ODUxNywiZXhwIjoxNzQ5NDg5MTE3fQ.b6y76fxGVonLjAFsWYsWNlDZLR7yBznBkYbUe3cGGyo', 'Content-Length': '108', 'Content-Type': 'application/json'} 
 body=b'{"nome": "free", "preco": 6966, "descricao": "Employee course attack remember few week.", "quantidade": 127}' 
 </msg>
<msg time="2025-06-09T14:01:57.319744" level="INFO">POST Response : url=https://compassuol.serverest.dev/produtos 
 status=201, reason=Created 
 headers={'access-control-allow-origin': '*', 'x-dns-prefetch-control': 'off', 'x-frame-options': 'SAMEORIGIN', 'strict-transport-security': 'max-age=15552000; includeSubDomains', 'x-download-options': 'noopen', 'x-content-type-options': 'nosniff', 'x-xss-protection': '1; mode=block', 'content-type': 'application/json; charset=utf-8', 'x-cloud-trace-context': '178485bae35237f46a2ec7684e522409', 'date': 'Mon, 09 Jun 2025 17:01:57 GMT', 'server': 'Google Frontend', 'Content-Length': '82'} 
 body={
    "message": "Cadastro realizado com sucesso",
    "_id": "DPUliUi1tvDqUeNG"
} 
 </msg>
<msg time="2025-06-09T14:01:57.319820" level="INFO">C:\Users\accro\AppData\Local\Programs\Python\Python313\Lib\site-packages\urllib3\connectionpool.py:1097: InsecureRequestWarning: Unverified HTTPS request is being made to host 'compassuol.serverest.dev'. Adding certificate verification is strongly advised. See: https://urllib3.readthedocs.io/en/latest/advanced-usage.html#tls-warnings
  warnings.warn(</msg>
<msg time="2025-06-09T14:01:57.320235" level="INFO">${response} = &lt;Response [201]&gt;</msg>
<var>${response}</var>
<arg>serverest</arg>
<arg>/produtos</arg>
<arg>json=${body}</arg>
<arg>expected_status=any</arg>
<arg>headers=${header}</arg>
<doc>Sends a POST request on a previously created HTTP Session.</doc>
<status status="PASS" start="2025-06-09T14:01:57.125475" elapsed="0.194829"/>
</kw>
<kw name="Log To Console" owner="BuiltIn">
<arg>Produto criado: ${body}</arg>
<doc>Logs the given message to the console.</doc>
<status status="PASS" start="2025-06-09T14:01:57.320583" elapsed="0.000461"/>
</kw>
<kw name="Set Test Variable" owner="BuiltIn">
<msg time="2025-06-09T14:01:57.321583" level="INFO">${header} = {'Authorization': 'Bearer eyJhbGciOiJIUzI1NiIsInR5cCI6IkpXVCJ9.eyJlbWFpbCI6InJvYmVydGFvcnRlZ2FAZXhhbXBsZS5uZXQiLCJwYXNzd29yZCI6IjJIWGNyTSIsImlhdCI6MTc0OTQ4ODUxNywiZXhwIjoxNzQ5NDg5MTE3fQ.b6y76fxGVonLjA...</msg>
<arg>${header}</arg>
<doc>Makes a variable available everywhere within the scope of the current test.</doc>
<status status="PASS" start="2025-06-09T14:01:57.321300" elapsed="0.000336"/>
</kw>
<kw name="Set Test Variable" owner="BuiltIn">
<msg time="2025-06-09T14:01:57.321961" level="INFO">${response} = &lt;Response [201]&gt;</msg>
<arg>${response}</arg>
<doc>Makes a variable available everywhere within the scope of the current test.</doc>
<status status="PASS" start="2025-06-09T14:01:57.321773" elapsed="0.000234"/>
</kw>
<status status="PASS" start="2025-06-09T14:01:57.100357" elapsed="0.221718"/>
</kw>
<kw name="Get From Dictionary" owner="Collections">
<msg time="2025-06-09T14:01:57.322812" level="INFO">${id_produto} = DPUliUi1tvDqUeNG</msg>
<var>${id_produto}</var>
<arg>${response.json()}</arg>
<arg>_id</arg>
<doc>Returns a value from the given ``dictionary`` based on the given ``key``.</doc>
<status status="PASS" start="2025-06-09T14:01:57.322186" elapsed="0.000673"/>
</kw>
<kw name="Set Test Variable" owner="BuiltIn">
<msg time="2025-06-09T14:01:57.323294" level="INFO">${id_produto} = DPUliUi1tvDqUeNG</msg>
<arg>${id_produto}</arg>
<doc>Makes a variable available everywhere within the scope of the current test.</doc>
<status status="PASS" start="2025-06-09T14:01:57.323044" elapsed="0.000306"/>
</kw>
<status status="PASS" start="2025-06-09T14:01:55.937551" elapsed="1.385877"/>
</kw>
<kw name="Random Int" owner="FakerLibrary">
<msg time="2025-06-09T14:01:57.323852" level="INFO">${quantidade} = 41</msg>
<var>${quantidade}</var>
<arg>min=1</arg>
<arg>max=50</arg>
<doc>Generate a random integer between two integers ``min`` and ``max`` inclusive
while observing the provided ``step`` value.</doc>
<status status="PASS" start="2025-06-09T14:01:57.323580" elapsed="0.000302"/>
</kw>
<kw name="Create Dictionary" owner="BuiltIn">
<msg time="2025-06-09T14:01:57.324272" level="INFO">${produto1} = {'idProduto': 'DPUliUi1tvDqUeNG', 'quantidade': 41}</msg>
<var>${produto1}</var>
<arg>idProduto=${id_produto}</arg>
<arg>quantidade=${quantidade}</arg>
<doc>Creates and returns a dictionary based on the given ``items``.</doc>
<status status="PASS" start="2025-06-09T14:01:57.324022" elapsed="0.000278"/>
</kw>
<kw name="Create List" owner="BuiltIn">
<msg time="2025-06-09T14:01:57.324580" level="INFO">@{lista_produtos} = [ {'idProduto': 'DPUliUi1tvDqUeNG', 'quantidade': 41} ]</msg>
<var>@{lista_produtos}</var>
<arg>${produto1}</arg>
<doc>Returns a list containing given items.</doc>
<status status="PASS" start="2025-06-09T14:01:57.324409" elapsed="0.000197"/>
</kw>
<kw name="Create Dictionary" owner="BuiltIn">
<msg time="2025-06-09T14:01:57.324927" level="INFO">${body} = {'produtos': [{'idProduto': 'DPUliUi1tvDqUeNG', 'quantidade': 41}]}</msg>
<var>${body}</var>
<arg>produtos=${lista_produtos}</arg>
<doc>Creates and returns a dictionary based on the given ``items``.</doc>
<status status="PASS" start="2025-06-09T14:01:57.324733" elapsed="0.000219"/>
</kw>
<kw name="Set Test Variable" owner="BuiltIn">
<msg time="2025-06-09T14:01:57.325210" level="INFO">${body} = {'produtos': [{'idProduto': 'DPUliUi1tvDqUeNG', 'quantidade': 41}]}</msg>
<arg>${body}</arg>
<doc>Makes a variable available everywhere within the scope of the current test.</doc>
<status status="PASS" start="2025-06-09T14:01:57.325060" elapsed="0.000187"/>
</kw>
<kw name="Set Test Variable" owner="BuiltIn">
<msg time="2025-06-09T14:01:57.325473" level="INFO">${token} = Bearer eyJhbGciOiJIUzI1NiIsInR5cCI6IkpXVCJ9.eyJlbWFpbCI6InJvYmVydGFvcnRlZ2FAZXhhbXBsZS5uZXQiLCJwYXNzd29yZCI6IjJIWGNyTSIsImlhdCI6MTc0OTQ4ODUxNywiZXhwIjoxNzQ5NDg5MTE3fQ.b6y76fxGVonLjAFsWYsWNlDZLR7yBznBk...</msg>
<arg>${token}</arg>
<doc>Makes a variable available everywhere within the scope of the current test.</doc>
<status status="PASS" start="2025-06-09T14:01:57.325345" elapsed="0.000165"/>
</kw>
<status status="PASS" start="2025-06-09T14:01:55.937359" elapsed="1.388203"/>
</kw>
<kw name="Create Dictionary" owner="BuiltIn">
<msg time="2025-06-09T14:01:57.325829" level="INFO">${header} = {'Authorization': 'Bearer eyJhbGciOiJIUzI1NiIsInR5cCI6IkpXVCJ9.eyJlbWFpbCI6InJvYmVydGFvcnRlZ2FAZXhhbXBsZS5uZXQiLCJwYXNzd29yZCI6IjJIWGNyTSIsImlhdCI6MTc0OTQ4ODUxNywiZXhwIjoxNzQ5NDg5MTE3fQ.b6y76fxGVonLjA...</msg>
<var>${header}</var>
<arg>Authorization=${token}</arg>
<doc>Creates and returns a dictionary based on the given ``items``.</doc>
<status status="PASS" start="2025-06-09T14:01:57.325653" elapsed="0.000201"/>
</kw>
<kw name="POST On Session" owner="RequestsLibrary">
<msg time="2025-06-09T14:01:57.512115" level="INFO">POST Request : url=https://compassuol.serverest.dev/carrinhos 
 path_url=/carrinhos 
 headers={'User-Agent': 'python-requests/2.32.3', 'Accept-Encoding': 'gzip, deflate', 'Accept': '*/*', 'Connection': 'keep-alive', 'Authorization': 'Bearer eyJhbGciOiJIUzI1NiIsInR5cCI6IkpXVCJ9.eyJlbWFpbCI6InJvYmVydGFvcnRlZ2FAZXhhbXBsZS5uZXQiLCJwYXNzd29yZCI6IjJIWGNyTSIsImlhdCI6MTc0OTQ4ODUxNywiZXhwIjoxNzQ5NDg5MTE3fQ.b6y76fxGVonLjAFsWYsWNlDZLR7yBznBkYbUe3cGGyo', 'Content-Length': '67', 'Content-Type': 'application/json'} 
 body=b'{"produtos": [{"idProduto": "DPUliUi1tvDqUeNG", "quantidade": 41}]}' 
 </msg>
<msg time="2025-06-09T14:01:57.512314" level="INFO">POST Response : url=https://compassuol.serverest.dev/carrinhos 
 status=201, reason=Created 
 headers={'access-control-allow-origin': '*', 'x-dns-prefetch-control': 'off', 'x-frame-options': 'SAMEORIGIN', 'strict-transport-security': 'max-age=15552000; includeSubDomains', 'x-download-options': 'noopen', 'x-content-type-options': 'nosniff', 'x-xss-protection': '1; mode=block', 'content-type': 'application/json; charset=utf-8', 'x-cloud-trace-context': '8a064b1f12c375e56a2ec7684e522450', 'date': 'Mon, 09 Jun 2025 17:01:57 GMT', 'server': 'Google Frontend', 'Content-Length': '82'} 
 body={
    "message": "Cadastro realizado com sucesso",
    "_id": "UrXsjcfJD32U3og3"
} 
 </msg>
<msg time="2025-06-09T14:01:57.512434" level="INFO">C:\Users\accro\AppData\Local\Programs\Python\Python313\Lib\site-packages\urllib3\connectionpool.py:1097: InsecureRequestWarning: Unverified HTTPS request is being made to host 'compassuol.serverest.dev'. Adding certificate verification is strongly advised. See: https://urllib3.readthedocs.io/en/latest/advanced-usage.html#tls-warnings
  warnings.warn(</msg>
<msg time="2025-06-09T14:01:57.513024" level="INFO">${response} = &lt;Response [201]&gt;</msg>
<var>${response}</var>
<arg>serverest</arg>
<arg>/carrinhos</arg>
<arg>json=${body}</arg>
<arg>expected_status=any</arg>
<arg>headers=${header}</arg>
<doc>Sends a POST request on a previously created HTTP Session.</doc>
<status status="PASS" start="2025-06-09T14:01:57.326079" elapsed="0.187040"/>
</kw>
<kw name="Log To Console" owner="BuiltIn">
<arg>Carrinho criado: ${body}</arg>
<doc>Logs the given message to the console.</doc>
<status status="PASS" start="2025-06-09T14:01:57.513539" elapsed="0.000665"/>
</kw>
<kw name="Set Test Variable" owner="BuiltIn">
<msg time="2025-06-09T14:01:57.515054" level="INFO">${response} = &lt;Response [201]&gt;</msg>
<arg>${response}</arg>
<doc>Makes a variable available everywhere within the scope of the current test.</doc>
<status status="PASS" start="2025-06-09T14:01:57.514557" elapsed="0.000631"/>
</kw>
<status status="PASS" start="2025-06-09T14:01:55.937119" elapsed="1.578228"/>
</kw>
<kw name="Validar status code" owner="geral_keywords">
<kw name="Should Be True" owner="BuiltIn">
<arg>${response.status_code}==${status_code}</arg>
<arg>O status code deveria ser "${status_code}" e não "${response.status_code}"</arg>
<doc>Fails if the given condition is not true.</doc>
<status status="PASS" start="2025-06-09T14:01:57.516909" elapsed="0.003101"/>
</kw>
<arg>201</arg>
<status status="PASS" start="2025-06-09T14:01:57.516221" elapsed="0.007036"/>
</kw>
<kw name="Validar mensagem retornada" owner="geral_keywords">
<kw name="Should Be Equal" owner="BuiltIn">
<arg>${response.json()["message"]}</arg>
<arg>${mensagem}</arg>
<arg>A mensagem deveria ser "${mensagem}" e não "${response.json()["message"]}"</arg>
<doc>Fails if the given objects are unequal.</doc>
<status status="PASS" start="2025-06-09T14:01:57.524149" elapsed="0.001236"/>
</kw>
<kw name="Log To Console" owner="BuiltIn">
<arg>${response.json()["message"]}</arg>
<doc>Logs the given message to the console.</doc>
<status status="PASS" start="2025-06-09T14:01:57.525582" elapsed="0.000601"/>
</kw>
<arg>Cadastro realizado com sucesso</arg>
<status status="PASS" start="2025-06-09T14:01:57.523640" elapsed="0.002764"/>
</kw>
<tag>cadastro</tag>
<status status="PASS" start="2025-06-09T14:01:55.936076" elapsed="1.590905"/>
</test>
<test id="s1-s1-t2" name="CT34: GET Listar carrinhos cadastrados" line="13">
<kw name="POST Endpoint /carrinhos" owner="carrinhos_keywords">
<kw name="Body para cadastro de carrinho" owner="carrinhos_keywords">
<kw name="Obter ID do produto" owner="produtos_keywords">
<kw name="Criar sessão e obter token" owner="produtos_keywords">
<kw name="Criar sessão na API" owner="geral_keywords">
<kw name="Create Session" owner="RequestsLibrary">
<msg time="2025-06-09T14:01:57.533133" level="INFO">Creating Session using : alias=serverest, url=https://compassuol.serverest.dev/, headers={},                     cookies={}, auth=None, timeout=None, proxies=None, verify=False,                     debug=0 </msg>
<arg>serverest</arg>
<arg>${URL_BASE}</arg>
<doc>Create Session: create a HTTP session to a server</doc>
<status status="PASS" start="2025-06-09T14:01:57.532943" elapsed="0.000392"/>
</kw>
<status status="PASS" start="2025-06-09T14:01:57.532206" elapsed="0.001219"/>
</kw>
<kw name="POST Endpoint /usuarios" owner="usuarios_keywords">
<kw name="Body para cadastro de usuário" owner="usuarios_keywords">
<kw name="First Name" owner="FakerLibrary">
<msg time="2025-06-09T14:01:57.534561" level="INFO">${primeiro_nome} = Mikayla</msg>
<var>${primeiro_nome}</var>
<status status="PASS" start="2025-06-09T14:01:57.534225" elapsed="0.000376"/>
</kw>
<kw name="Last Name" owner="FakerLibrary">
<msg time="2025-06-09T14:01:57.535104" level="INFO">${sobrenome} = Lowe</msg>
<var>${sobrenome}</var>
<status status="PASS" start="2025-06-09T14:01:57.534739" elapsed="0.000414"/>
</kw>
<kw name="Email" owner="FakerLibrary">
<msg time="2025-06-09T14:01:57.536121" level="INFO">${email} = kelliharris@example.com</msg>
<var>${email}</var>
<status status="PASS" start="2025-06-09T14:01:57.535285" elapsed="0.000879"/>
</kw>
<kw name="Evaluate" owner="BuiltIn">
<msg time="2025-06-09T14:01:57.536509" level="INFO">${caracteres} = 9</msg>
<var>${caracteres}</var>
<arg>random.randint(5, 10)</arg>
<arg>random</arg>
<doc>Evaluates the given expression in Python and returns the result.</doc>
<status status="PASS" start="2025-06-09T14:01:57.536281" elapsed="0.000256"/>
</kw>
<kw name="Convert To Integer" owner="BuiltIn">
<msg time="2025-06-09T14:01:57.536795" level="INFO">${caracteres_int} = 9</msg>
<var>${caracteres_int}</var>
<arg>${caracteres}</arg>
<doc>Converts the given item to an integer number.</doc>
<status status="PASS" start="2025-06-09T14:01:57.536641" elapsed="0.000174"/>
</kw>
<kw name="Password" owner="FakerLibrary">
<msg time="2025-06-09T14:01:57.537142" level="INFO">${password} = 7SWELsmVT</msg>
<var>${password}</var>
<arg>length=${caracteres_int}</arg>
<arg>special_chars=False</arg>
<doc>Generate a random password of the specified ``length``.</doc>
<status status="PASS" start="2025-06-09T14:01:57.536908" elapsed="0.000257"/>
</kw>
<kw name="Create Dictionary" owner="BuiltIn">
<msg time="2025-06-09T14:01:57.537690" level="INFO">${body} = {'nome': 'Mikayla Lowe', 'email': 'kelliharris@example.com', 'password': '7SWELsmVT', 'administrador': 'true'}</msg>
<var>${body}</var>
<arg>nome=${primeiro_nome} ${sobrenome}</arg>
<arg>email=${email}</arg>
<arg>password=${password}</arg>
<arg>administrador=true</arg>
<doc>Creates and returns a dictionary based on the given ``items``.</doc>
<status status="PASS" start="2025-06-09T14:01:57.537265" elapsed="0.000466"/>
</kw>
<kw name="Set Test Variable" owner="BuiltIn">
<msg time="2025-06-09T14:01:57.538652" level="INFO">${body} = {'nome': 'Mikayla Lowe', 'email': 'kelliharris@example.com', 'password': '7SWELsmVT', 'administrador': 'true'}</msg>
<arg>${body}</arg>
<doc>Makes a variable available everywhere within the scope of the current test.</doc>
<status status="PASS" start="2025-06-09T14:01:57.537991" elapsed="0.000724"/>
</kw>
<kw name="Set Test Variable" owner="BuiltIn">
<msg time="2025-06-09T14:01:57.539084" level="INFO">${email} = kelliharris@example.com</msg>
<arg>${email}</arg>
<doc>Makes a variable available everywhere within the scope of the current test.</doc>
<status status="PASS" start="2025-06-09T14:01:57.538863" elapsed="0.000582"/>
</kw>
<kw name="Set Test Variable" owner="BuiltIn">
<msg time="2025-06-09T14:01:57.539932" level="INFO">${password} = 7SWELsmVT</msg>
<arg>${password}</arg>
<doc>Makes a variable available everywhere within the scope of the current test.</doc>
<status status="PASS" start="2025-06-09T14:01:57.539667" elapsed="0.000321"/>
</kw>
<status status="PASS" start="2025-06-09T14:01:57.533972" elapsed="0.006088"/>
</kw>
<kw name="POST On Session" owner="RequestsLibrary">
<msg time="2025-06-09T14:01:58.081282" level="INFO">POST Request : url=https://compassuol.serverest.dev/usuarios 
 path_url=/usuarios 
 headers={'User-Agent': 'python-requests/2.32.3', 'Accept-Encoding': 'gzip, deflate', 'Accept': '*/*', 'Connection': 'keep-alive', 'Content-Length': '110', 'Content-Type': 'application/json'} 
 body=b'{"nome": "Mikayla Lowe", "email": "kelliharris@example.com", "password": "7SWELsmVT", "administrador": "true"}' 
 </msg>
<msg time="2025-06-09T14:01:58.081502" level="INFO">POST Response : url=https://compassuol.serverest.dev/usuarios 
 status=201, reason=Created 
 headers={'access-control-allow-origin': '*', 'x-dns-prefetch-control': 'off', 'x-frame-options': 'SAMEORIGIN', 'strict-transport-security': 'max-age=15552000; includeSubDomains', 'x-download-options': 'noopen', 'x-content-type-options': 'nosniff', 'x-xss-protection': '1; mode=block', 'content-type': 'application/json; charset=utf-8', 'x-cloud-trace-context': '7a8051b201645598ea41642e51ed4486', 'date': 'Mon, 09 Jun 2025 17:01:57 GMT', 'server': 'Google Frontend', 'Content-Length': '82'} 
 body={
    "message": "Cadastro realizado com sucesso",
    "_id": "sGMtYEbAd76I5KIw"
} 
 </msg>
<msg time="2025-06-09T14:01:58.081653" level="INFO">C:\Users\accro\AppData\Local\Programs\Python\Python313\Lib\site-packages\urllib3\connectionpool.py:1097: InsecureRequestWarning: Unverified HTTPS request is being made to host 'compassuol.serverest.dev'. Adding certificate verification is strongly advised. See: https://urllib3.readthedocs.io/en/latest/advanced-usage.html#tls-warnings
  warnings.warn(</msg>
<msg time="2025-06-09T14:01:58.082439" level="INFO">${response} = &lt;Response [201]&gt;</msg>
<var>${response}</var>
<arg>serverest</arg>
<arg>/usuarios</arg>
<arg>json=${body}</arg>
<arg>expected_status=any</arg>
<doc>Sends a POST request on a previously created HTTP Session.</doc>
<status status="PASS" start="2025-06-09T14:01:57.540179" elapsed="0.542405"/>
</kw>
<kw name="Log To Console" owner="BuiltIn">
<arg>Usuário criado: ${body}</arg>
<doc>Logs the given message to the console.</doc>
<status status="PASS" start="2025-06-09T14:01:58.083094" elapsed="0.000781"/>
</kw>
<kw name="Set Test Variable" owner="BuiltIn">
<msg time="2025-06-09T14:01:58.084697" level="INFO">${body} = {'nome': 'Mikayla Lowe', 'email': 'kelliharris@example.com', 'password': '7SWELsmVT', 'administrador': 'true'}</msg>
<arg>${body}</arg>
<doc>Makes a variable available everywhere within the scope of the current test.</doc>
<status status="PASS" start="2025-06-09T14:01:58.084265" elapsed="0.000522"/>
</kw>
<kw name="Set Test Variable" owner="BuiltIn">
<msg time="2025-06-09T14:01:58.085302" level="INFO">${email} = kelliharris@example.com</msg>
<arg>${email}</arg>
<doc>Makes a variable available everywhere within the scope of the current test.</doc>
<status status="PASS" start="2025-06-09T14:01:58.085001" elapsed="0.000366"/>
</kw>
<kw name="Set Test Variable" owner="BuiltIn">
<msg time="2025-06-09T14:01:58.085980" level="INFO">${password} = 7SWELsmVT</msg>
<arg>${password}</arg>
<doc>Makes a variable available everywhere within the scope of the current test.</doc>
<status status="PASS" start="2025-06-09T14:01:58.085575" elapsed="0.000526"/>
</kw>
<kw name="Set Test Variable" owner="BuiltIn">
<msg time="2025-06-09T14:01:58.086787" level="INFO">${response} = &lt;Response [201]&gt;</msg>
<arg>${response}</arg>
<doc>Makes a variable available everywhere within the scope of the current test.</doc>
<status status="PASS" start="2025-06-09T14:01:58.086370" elapsed="0.000519"/>
</kw>
<status status="PASS" start="2025-06-09T14:01:57.533612" elapsed="0.553414"/>
</kw>
<kw name="POST Endpoint /login" owner="login_keywords">
<kw name="Create Dictionary" owner="BuiltIn">
<msg time="2025-06-09T14:01:58.088448" level="INFO">${body} = {'email': 'kelliharris@example.com', 'password': '7SWELsmVT'}</msg>
<var>${body}</var>
<arg>email=${email}</arg>
<arg>password=${password}</arg>
<doc>Creates and returns a dictionary based on the given ``items``.</doc>
<status status="PASS" start="2025-06-09T14:01:58.088064" elapsed="0.000427"/>
</kw>
<kw name="POST On Session" owner="RequestsLibrary">
<msg time="2025-06-09T14:01:58.286006" level="INFO">POST Request : url=https://compassuol.serverest.dev/login 
 path_url=/login 
 headers={'User-Agent': 'python-requests/2.32.3', 'Accept-Encoding': 'gzip, deflate', 'Accept': '*/*', 'Connection': 'keep-alive', 'Content-Length': '61', 'Content-Type': 'application/json'} 
 body=b'{"email": "kelliharris@example.com", "password": "7SWELsmVT"}' 
 </msg>
<msg time="2025-06-09T14:01:58.286102" level="INFO">POST Response : url=https://compassuol.serverest.dev/login 
 status=200, reason=OK 
 headers={'access-control-allow-origin': '*', 'x-dns-prefetch-control': 'off', 'x-frame-options': 'SAMEORIGIN', 'strict-transport-security': 'max-age=15552000; includeSubDomains', 'x-download-options': 'noopen', 'x-content-type-options': 'nosniff', 'x-xss-protection': '1; mode=block', 'content-type': 'application/json; charset=utf-8', 'x-cloud-trace-context': 'b734292fff1f25c8ea41642e51ed4c93', 'date': 'Mon, 09 Jun 2025 17:01:58 GMT', 'server': 'Google Frontend', 'Content-Length': '284'} 
 body={
    "message": "Login realizado com sucesso",
    "authorization": "Bearer eyJhbGciOiJIUzI1NiIsInR5cCI6IkpXVCJ9.eyJlbWFpbCI6ImtlbGxpaGFycmlzQGV4YW1wbGUuY29tIiwicGFzc3dvcmQiOiI3U1dFTHNtVlQiLCJpYXQiOjE3NDk0ODg1MTgsImV4cCI6MTc0OTQ4OTExOH0.zb8MRqj7EHlnO8-aRiZR7I9cpfGe9PrwwWpJfxmqED8"
} 
 </msg>
<msg time="2025-06-09T14:01:58.286179" level="INFO">C:\Users\accro\AppData\Local\Programs\Python\Python313\Lib\site-packages\urllib3\connectionpool.py:1097: InsecureRequestWarning: Unverified HTTPS request is being made to host 'compassuol.serverest.dev'. Adding certificate verification is strongly advised. See: https://urllib3.readthedocs.io/en/latest/advanced-usage.html#tls-warnings
  warnings.warn(</msg>
<msg time="2025-06-09T14:01:58.286946" level="INFO">${response} = &lt;Response [200]&gt;</msg>
<var>${response}</var>
<arg>serverest</arg>
<arg>/login</arg>
<arg>json=${body}</arg>
<arg>expected_status=any</arg>
<doc>Sends a POST request on a previously created HTTP Session.</doc>
<status status="PASS" start="2025-06-09T14:01:58.088686" elapsed="0.198311"/>
</kw>
<kw name="Log To Console" owner="BuiltIn">
<arg>Email: ${email}\nSenha: ${password}</arg>
<doc>Logs the given message to the console.</doc>
<status status="PASS" start="2025-06-09T14:01:58.287206" elapsed="0.001195"/>
</kw>
<kw name="Set Test Variable" owner="BuiltIn">
<msg time="2025-06-09T14:01:58.288851" level="INFO">${response} = &lt;Response [200]&gt;</msg>
<arg>${response}</arg>
<doc>Makes a variable available everywhere within the scope of the current test.</doc>
<status status="PASS" start="2025-06-09T14:01:58.288583" elapsed="0.000322"/>
</kw>
<status status="PASS" start="2025-06-09T14:01:58.087335" elapsed="0.201641"/>
</kw>
<kw name="Guardar token gerado" owner="login_keywords">
<kw name="Get From Dictionary" owner="Collections">
<msg time="2025-06-09T14:01:58.289795" level="INFO">${token} = Bearer eyJhbGciOiJIUzI1NiIsInR5cCI6IkpXVCJ9.eyJlbWFpbCI6ImtlbGxpaGFycmlzQGV4YW1wbGUuY29tIiwicGFzc3dvcmQiOiI3U1dFTHNtVlQiLCJpYXQiOjE3NDk0ODg1MTgsImV4cCI6MTc0OTQ4OTExOH0.zb8MRqj7EHlnO8-aRiZR7I9cpfGe9Prw...</msg>
<var>${token}</var>
<arg>${response.json()}</arg>
<arg>authorization</arg>
<doc>Returns a value from the given ``dictionary`` based on the given ``key``.</doc>
<status status="PASS" start="2025-06-09T14:01:58.289350" elapsed="0.000478"/>
</kw>
<kw name="Set Test Variable" owner="BuiltIn">
<msg time="2025-06-09T14:01:58.290228" level="INFO">${token} = Bearer eyJhbGciOiJIUzI1NiIsInR5cCI6IkpXVCJ9.eyJlbWFpbCI6ImtlbGxpaGFycmlzQGV4YW1wbGUuY29tIiwicGFzc3dvcmQiOiI3U1dFTHNtVlQiLCJpYXQiOjE3NDk0ODg1MTgsImV4cCI6MTc0OTQ4OTExOH0.zb8MRqj7EHlnO8-aRiZR7I9cpfGe9Prw...</msg>
<arg>${token}</arg>
<doc>Makes a variable available everywhere within the scope of the current test.</doc>
<status status="PASS" start="2025-06-09T14:01:58.290027" elapsed="0.000250"/>
</kw>
<status status="PASS" start="2025-06-09T14:01:58.289127" elapsed="0.001211"/>
</kw>
<status status="PASS" start="2025-06-09T14:01:57.531895" elapsed="0.758484"/>
</kw>
<kw name="POST Endpoint /produtos com autenticação" owner="produtos_keywords">
<kw name="Create Dictionary" owner="BuiltIn">
<msg time="2025-06-09T14:01:58.291064" level="INFO">${header} = {'Authorization': 'Bearer eyJhbGciOiJIUzI1NiIsInR5cCI6IkpXVCJ9.eyJlbWFpbCI6ImtlbGxpaGFycmlzQGV4YW1wbGUuY29tIiwicGFzc3dvcmQiOiI3U1dFTHNtVlQiLCJpYXQiOjE3NDk0ODg1MTgsImV4cCI6MTc0OTQ4OTExOH0.zb8MRqj7EHlnO...</msg>
<var>${header}</var>
<arg>Authorization=${token}</arg>
<doc>Creates and returns a dictionary based on the given ``items``.</doc>
<status status="PASS" start="2025-06-09T14:01:58.290838" elapsed="0.000261"/>
</kw>
<kw name="Body para cadastro de produto" owner="produtos_keywords">
<kw name="Word" owner="FakerLibrary">
<msg time="2025-06-09T14:01:58.291728" level="INFO">${nome} = low</msg>
<var>${nome}</var>
<doc>Generate a word.</doc>
<status status="PASS" start="2025-06-09T14:01:58.291565" elapsed="0.000185"/>
</kw>
<kw name="Random Int" owner="FakerLibrary">
<msg time="2025-06-09T14:01:58.292021" level="INFO">${preco} = 6945</msg>
<var>${preco}</var>
<arg>min=50</arg>
<doc>Generate a random integer between two integers ``min`` and ``max`` inclusive
while observing the provided ``step`` value.</doc>
<status status="PASS" start="2025-06-09T14:01:58.291839" elapsed="0.000211"/>
</kw>
<kw name="Paragraph" owner="FakerLibrary">
<msg time="2025-06-09T14:01:58.292518" level="INFO">${descricao} = Adult three environmental piece.</msg>
<var>${descricao}</var>
<arg>nb_sentences=1</arg>
<doc>Generate a paragraph.</doc>
<status status="PASS" start="2025-06-09T14:01:58.292178" elapsed="0.000375"/>
</kw>
<kw name="Random Int" owner="FakerLibrary">
<msg time="2025-06-09T14:01:58.293054" level="INFO">${quantidade} = 187</msg>
<var>${quantidade}</var>
<arg>min=20</arg>
<arg>max=200</arg>
<doc>Generate a random integer between two integers ``min`` and ``max`` inclusive
while observing the provided ``step`` value.</doc>
<status status="PASS" start="2025-06-09T14:01:58.292687" elapsed="0.000413"/>
</kw>
<kw name="Create Dictionary" owner="BuiltIn">
<msg time="2025-06-09T14:01:58.293600" level="INFO">${body} = {'nome': 'low', 'preco': 6945, 'descricao': 'Adult three environmental piece.', 'quantidade': 187}</msg>
<var>${body}</var>
<arg>nome=${nome}</arg>
<arg>preco=${preco}</arg>
<arg>descricao=${descricao}</arg>
<arg>quantidade=${quantidade}</arg>
<doc>Creates and returns a dictionary based on the given ``items``.</doc>
<status status="PASS" start="2025-06-09T14:01:58.293254" elapsed="0.000380"/>
</kw>
<kw name="Set Test Variable" owner="BuiltIn">
<msg time="2025-06-09T14:01:58.294005" level="INFO">${body} = {'nome': 'low', 'preco': 6945, 'descricao': 'Adult three environmental piece.', 'quantidade': 187}</msg>
<arg>${body}</arg>
<doc>Makes a variable available everywhere within the scope of the current test.</doc>
<status status="PASS" start="2025-06-09T14:01:58.293787" elapsed="0.000265"/>
</kw>
<status status="PASS" start="2025-06-09T14:01:58.291279" elapsed="0.002837"/>
</kw>
<kw name="POST On Session" owner="RequestsLibrary">
<msg time="2025-06-09T14:01:58.490802" level="INFO">POST Request : url=https://compassuol.serverest.dev/produtos 
 path_url=/produtos 
 headers={'User-Agent': 'python-requests/2.32.3', 'Accept-Encoding': 'gzip, deflate', 'Accept': '*/*', 'Connection': 'keep-alive', 'Authorization': 'Bearer eyJhbGciOiJIUzI1NiIsInR5cCI6IkpXVCJ9.eyJlbWFpbCI6ImtlbGxpaGFycmlzQGV4YW1wbGUuY29tIiwicGFzc3dvcmQiOiI3U1dFTHNtVlQiLCJpYXQiOjE3NDk0ODg1MTgsImV4cCI6MTc0OTQ4OTExOH0.zb8MRqj7EHlnO8-aRiZR7I9cpfGe9PrwwWpJfxmqED8', 'Content-Length': '98', 'Content-Type': 'application/json'} 
 body=b'{"nome": "low", "preco": 6945, "descricao": "Adult three environmental piece.", "quantidade": 187}' 
 </msg>
<msg time="2025-06-09T14:01:58.490910" level="INFO">POST Response : url=https://compassuol.serverest.dev/produtos 
 status=201, reason=Created 
 headers={'access-control-allow-origin': '*', 'x-dns-prefetch-control': 'off', 'x-frame-options': 'SAMEORIGIN', 'strict-transport-security': 'max-age=15552000; includeSubDomains', 'x-download-options': 'noopen', 'x-content-type-options': 'nosniff', 'x-xss-protection': '1; mode=block', 'content-type': 'application/json; charset=utf-8', 'x-cloud-trace-context': '0db78efb50443195ea41642e51ed4c29', 'date': 'Mon, 09 Jun 2025 17:01:58 GMT', 'server': 'Google Frontend', 'Content-Length': '82'} 
 body={
    "message": "Cadastro realizado com sucesso",
    "_id": "7ugT0bCKCsKTEYrl"
} 
 </msg>
<msg time="2025-06-09T14:01:58.490982" level="INFO">C:\Users\accro\AppData\Local\Programs\Python\Python313\Lib\site-packages\urllib3\connectionpool.py:1097: InsecureRequestWarning: Unverified HTTPS request is being made to host 'compassuol.serverest.dev'. Adding certificate verification is strongly advised. See: https://urllib3.readthedocs.io/en/latest/advanced-usage.html#tls-warnings
  warnings.warn(</msg>
<msg time="2025-06-09T14:01:58.491692" level="INFO">${response} = &lt;Response [201]&gt;</msg>
<var>${response}</var>
<arg>serverest</arg>
<arg>/produtos</arg>
<arg>json=${body}</arg>
<arg>expected_status=any</arg>
<arg>headers=${header}</arg>
<doc>Sends a POST request on a previously created HTTP Session.</doc>
<status status="PASS" start="2025-06-09T14:01:58.294223" elapsed="0.197504"/>
</kw>
<kw name="Log To Console" owner="BuiltIn">
<arg>Produto criado: ${body}</arg>
<doc>Logs the given message to the console.</doc>
<status status="PASS" start="2025-06-09T14:01:58.491905" elapsed="0.000328"/>
</kw>
<kw name="Set Test Variable" owner="BuiltIn">
<msg time="2025-06-09T14:01:58.492607" level="INFO">${header} = {'Authorization': 'Bearer eyJhbGciOiJIUzI1NiIsInR5cCI6IkpXVCJ9.eyJlbWFpbCI6ImtlbGxpaGFycmlzQGV4YW1wbGUuY29tIiwicGFzc3dvcmQiOiI3U1dFTHNtVlQiLCJpYXQiOjE3NDk0ODg1MTgsImV4cCI6MTc0OTQ4OTExOH0.zb8MRqj7EHlnO...</msg>
<arg>${header}</arg>
<doc>Makes a variable available everywhere within the scope of the current test.</doc>
<status status="PASS" start="2025-06-09T14:01:58.492404" elapsed="0.000243"/>
</kw>
<kw name="Set Test Variable" owner="BuiltIn">
<msg time="2025-06-09T14:01:58.492984" level="INFO">${response} = &lt;Response [201]&gt;</msg>
<arg>${response}</arg>
<doc>Makes a variable available everywhere within the scope of the current test.</doc>
<status status="PASS" start="2025-06-09T14:01:58.492751" elapsed="0.000284"/>
</kw>
<status status="PASS" start="2025-06-09T14:01:58.290557" elapsed="0.202546"/>
</kw>
<kw name="Get From Dictionary" owner="Collections">
<msg time="2025-06-09T14:01:58.493806" level="INFO">${id_produto} = 7ugT0bCKCsKTEYrl</msg>
<var>${id_produto}</var>
<arg>${response.json()}</arg>
<arg>_id</arg>
<doc>Returns a value from the given ``dictionary`` based on the given ``key``.</doc>
<status status="PASS" start="2025-06-09T14:01:58.493214" elapsed="0.000626"/>
</kw>
<kw name="Set Test Variable" owner="BuiltIn">
<msg time="2025-06-09T14:01:58.494137" level="INFO">${id_produto} = 7ugT0bCKCsKTEYrl</msg>
<arg>${id_produto}</arg>
<doc>Makes a variable available everywhere within the scope of the current test.</doc>
<status status="PASS" start="2025-06-09T14:01:58.493990" elapsed="0.000183"/>
</kw>
<status status="PASS" start="2025-06-09T14:01:57.531464" elapsed="0.962759"/>
</kw>
<kw name="Random Int" owner="FakerLibrary">
<msg time="2025-06-09T14:01:58.494575" level="INFO">${quantidade} = 27</msg>
<var>${quantidade}</var>
<arg>min=1</arg>
<arg>max=50</arg>
<doc>Generate a random integer between two integers ``min`` and ``max`` inclusive
while observing the provided ``step`` value.</doc>
<status status="PASS" start="2025-06-09T14:01:58.494369" elapsed="0.000228"/>
</kw>
<kw name="Create Dictionary" owner="BuiltIn">
<msg time="2025-06-09T14:01:58.494892" level="INFO">${produto1} = {'idProduto': '7ugT0bCKCsKTEYrl', 'quantidade': 27}</msg>
<var>${produto1}</var>
<arg>idProduto=${id_produto}</arg>
<arg>quantidade=${quantidade}</arg>
<doc>Creates and returns a dictionary based on the given ``items``.</doc>
<status status="PASS" start="2025-06-09T14:01:58.494696" elapsed="0.000219"/>
</kw>
<kw name="Create List" owner="BuiltIn">
<msg time="2025-06-09T14:01:58.495138" level="INFO">@{lista_produtos} = [ {'idProduto': '7ugT0bCKCsKTEYrl', 'quantidade': 27} ]</msg>
<var>@{lista_produtos}</var>
<arg>${produto1}</arg>
<doc>Returns a list containing given items.</doc>
<status status="PASS" start="2025-06-09T14:01:58.495009" elapsed="0.000149"/>
</kw>
<kw name="Create Dictionary" owner="BuiltIn">
<msg time="2025-06-09T14:01:58.495407" level="INFO">${body} = {'produtos': [{'idProduto': '7ugT0bCKCsKTEYrl', 'quantidade': 27}]}</msg>
<var>${body}</var>
<arg>produtos=${lista_produtos}</arg>
<doc>Creates and returns a dictionary based on the given ``items``.</doc>
<status status="PASS" start="2025-06-09T14:01:58.495254" elapsed="0.000173"/>
</kw>
<kw name="Set Test Variable" owner="BuiltIn">
<msg time="2025-06-09T14:01:58.495632" level="INFO">${body} = {'produtos': [{'idProduto': '7ugT0bCKCsKTEYrl', 'quantidade': 27}]}</msg>
<arg>${body}</arg>
<doc>Makes a variable available everywhere within the scope of the current test.</doc>
<status status="PASS" start="2025-06-09T14:01:58.495513" elapsed="0.000149"/>
</kw>
<kw name="Set Test Variable" owner="BuiltIn">
<msg time="2025-06-09T14:01:58.495846" level="INFO">${token} = Bearer eyJhbGciOiJIUzI1NiIsInR5cCI6IkpXVCJ9.eyJlbWFpbCI6ImtlbGxpaGFycmlzQGV4YW1wbGUuY29tIiwicGFzc3dvcmQiOiI3U1dFTHNtVlQiLCJpYXQiOjE3NDk0ODg1MTgsImV4cCI6MTc0OTQ4OTExOH0.zb8MRqj7EHlnO8-aRiZR7I9cpfGe9Prw...</msg>
<arg>${token}</arg>
<doc>Makes a variable available everywhere within the scope of the current test.</doc>
<status status="PASS" start="2025-06-09T14:01:58.495741" elapsed="0.000134"/>
</kw>
<status status="PASS" start="2025-06-09T14:01:57.531069" elapsed="0.964861"/>
</kw>
<kw name="Create Dictionary" owner="BuiltIn">
<msg time="2025-06-09T14:01:58.496160" level="INFO">${header} = {'Authorization': 'Bearer eyJhbGciOiJIUzI1NiIsInR5cCI6IkpXVCJ9.eyJlbWFpbCI6ImtlbGxpaGFycmlzQGV4YW1wbGUuY29tIiwicGFzc3dvcmQiOiI3U1dFTHNtVlQiLCJpYXQiOjE3NDk0ODg1MTgsImV4cCI6MTc0OTQ4OTExOH0.zb8MRqj7EHlnO...</msg>
<var>${header}</var>
<arg>Authorization=${token}</arg>
<doc>Creates and returns a dictionary based on the given ``items``.</doc>
<status status="PASS" start="2025-06-09T14:01:58.496011" elapsed="0.000171"/>
</kw>
<kw name="POST On Session" owner="RequestsLibrary">
<msg time="2025-06-09T14:01:58.678998" level="INFO">POST Request : url=https://compassuol.serverest.dev/carrinhos 
 path_url=/carrinhos 
 headers={'User-Agent': 'python-requests/2.32.3', 'Accept-Encoding': 'gzip, deflate', 'Accept': '*/*', 'Connection': 'keep-alive', 'Authorization': 'Bearer eyJhbGciOiJIUzI1NiIsInR5cCI6IkpXVCJ9.eyJlbWFpbCI6ImtlbGxpaGFycmlzQGV4YW1wbGUuY29tIiwicGFzc3dvcmQiOiI3U1dFTHNtVlQiLCJpYXQiOjE3NDk0ODg1MTgsImV4cCI6MTc0OTQ4OTExOH0.zb8MRqj7EHlnO8-aRiZR7I9cpfGe9PrwwWpJfxmqED8', 'Content-Length': '67', 'Content-Type': 'application/json'} 
 body=b'{"produtos": [{"idProduto": "7ugT0bCKCsKTEYrl", "quantidade": 27}]}' 
 </msg>
<msg time="2025-06-09T14:01:58.679146" level="INFO">POST Response : url=https://compassuol.serverest.dev/carrinhos 
 status=201, reason=Created 
 headers={'access-control-allow-origin': '*', 'x-dns-prefetch-control': 'off', 'x-frame-options': 'SAMEORIGIN', 'strict-transport-security': 'max-age=15552000; includeSubDomains', 'x-download-options': 'noopen', 'x-content-type-options': 'nosniff', 'x-xss-protection': '1; mode=block', 'content-type': 'application/json; charset=utf-8', 'x-cloud-trace-context': 'd62803a97d165e66ea41642e51ed40f1', 'date': 'Mon, 09 Jun 2025 17:01:58 GMT', 'server': 'Google Frontend', 'Content-Length': '82'} 
 body={
    "message": "Cadastro realizado com sucesso",
    "_id": "Y7zN4Wjt2nkU5rM5"
} 
 </msg>
<msg time="2025-06-09T14:01:58.679244" level="INFO">C:\Users\accro\AppData\Local\Programs\Python\Python313\Lib\site-packages\urllib3\connectionpool.py:1097: InsecureRequestWarning: Unverified HTTPS request is being made to host 'compassuol.serverest.dev'. Adding certificate verification is strongly advised. See: https://urllib3.readthedocs.io/en/latest/advanced-usage.html#tls-warnings
  warnings.warn(</msg>
<msg time="2025-06-09T14:01:58.679803" level="INFO">${response} = &lt;Response [201]&gt;</msg>
<var>${response}</var>
<arg>serverest</arg>
<arg>/carrinhos</arg>
<arg>json=${body}</arg>
<arg>expected_status=any</arg>
<arg>headers=${header}</arg>
<doc>Sends a POST request on a previously created HTTP Session.</doc>
<status status="PASS" start="2025-06-09T14:01:58.496267" elapsed="0.183602"/>
</kw>
<kw name="Log To Console" owner="BuiltIn">
<arg>Carrinho criado: ${body}</arg>
<doc>Logs the given message to the console.</doc>
<status status="PASS" start="2025-06-09T14:01:58.680138" elapsed="0.000578"/>
</kw>
<kw name="Set Test Variable" owner="BuiltIn">
<msg time="2025-06-09T14:01:58.681367" level="INFO">${response} = &lt;Response [201]&gt;</msg>
<arg>${response}</arg>
<doc>Makes a variable available everywhere within the scope of the current test.</doc>
<status status="PASS" start="2025-06-09T14:01:58.681034" elapsed="0.000406"/>
</kw>
<status status="PASS" start="2025-06-09T14:01:57.530650" elapsed="1.150887"/>
</kw>
<kw name="GET Endpoint /carrinhos" owner="carrinhos_keywords">
<kw name="Get From Dictionary" owner="Collections">
<msg time="2025-06-09T14:01:58.683368" level="INFO">${id} = Y7zN4Wjt2nkU5rM5</msg>
<var>${id}</var>
<arg>${response.json()}</arg>
<arg>_id</arg>
<doc>Returns a value from the given ``dictionary`` based on the given ``key``.</doc>
<status status="PASS" start="2025-06-09T14:01:58.682649" elapsed="0.000762"/>
</kw>
<kw name="GET Endpoint /carrinhos/{_id}" owner="carrinhos_keywords">
<kw name="Get From Dictionary" owner="Collections">
<msg time="2025-06-09T14:01:58.684642" level="INFO">${id} = Y7zN4Wjt2nkU5rM5</msg>
<var>${id}</var>
<arg>${response.json()}</arg>
<arg>_id</arg>
<doc>Returns a value from the given ``dictionary`` based on the given ``key``.</doc>
<status status="PASS" start="2025-06-09T14:01:58.684047" elapsed="0.000633"/>
</kw>
<kw name="GET On Session" owner="RequestsLibrary">
<msg time="2025-06-09T14:01:58.862557" level="INFO">GET Request : url=https://compassuol.serverest.dev/carrinhos/Y7zN4Wjt2nkU5rM5 
 path_url=/carrinhos/Y7zN4Wjt2nkU5rM5 
 headers={'User-Agent': 'python-requests/2.32.3', 'Accept-Encoding': 'gzip, deflate', 'Accept': '*/*', 'Connection': 'keep-alive'} 
 body=None 
 </msg>
<msg time="2025-06-09T14:01:58.862680" level="INFO">GET Response : url=https://compassuol.serverest.dev/carrinhos/Y7zN4Wjt2nkU5rM5 
 status=200, reason=OK 
 headers={'access-control-allow-origin': '*', 'x-dns-prefetch-control': 'off', 'x-frame-options': 'SAMEORIGIN', 'strict-transport-security': 'max-age=15552000; includeSubDomains', 'x-download-options': 'noopen', 'x-content-type-options': 'nosniff', 'x-xss-protection': '1; mode=block', 'content-type': 'application/json; charset=utf-8', 'x-cloud-trace-context': 'cbe91242babf8960ea41642e51ed405c', 'date': 'Mon, 09 Jun 2025 17:01:58 GMT', 'server': 'Google Frontend', 'Content-Length': '277'} 
 body={
    "produtos": [
        {
            "idProduto": "7ugT0bCKCsKTEYrl",
            "quantidade": 27,
            "precoUnitario": 6945
        }
    ],
    "precoTotal": 187515,
    "quantidadeTotal": 27,
    "idUsuario": "sGMtYEbAd76I5KIw",
    "_id": "Y7zN4Wjt2nkU5rM5"
} 
 </msg>
<msg time="2025-06-09T14:01:58.862844" level="INFO">C:\Users\accro\AppData\Local\Programs\Python\Python313\Lib\site-packages\urllib3\connectionpool.py:1097: InsecureRequestWarning: Unverified HTTPS request is being made to host 'compassuol.serverest.dev'. Adding certificate verification is strongly advised. See: https://urllib3.readthedocs.io/en/latest/advanced-usage.html#tls-warnings
  warnings.warn(</msg>
<msg time="2025-06-09T14:01:58.863183" level="INFO">${response} = &lt;Response [200]&gt;</msg>
<var>${response}</var>
<arg>serverest</arg>
<arg>/carrinhos/${id}</arg>
<arg>expected_status=any</arg>
<doc>Sends a GET request on a previously created HTTP Session.</doc>
<status status="PASS" start="2025-06-09T14:01:58.684831" elapsed="0.178399"/>
</kw>
<kw name="Log To Console" owner="BuiltIn">
<arg>Carrinho de id ${_id}: ${response.content}</arg>
<doc>Logs the given message to the console.</doc>
<status status="PASS" start="2025-06-09T14:01:58.863426" elapsed="0.001072"/>
</kw>
<kw name="Set Test Variable" owner="BuiltIn">
<msg time="2025-06-09T14:01:58.864956" level="INFO">${response} = &lt;Response [200]&gt;</msg>
<arg>${response}</arg>
<doc>Makes a variable available everywhere within the scope of the current test.</doc>
<status status="PASS" start="2025-06-09T14:01:58.864697" elapsed="0.000318"/>
</kw>
<status status="PASS" start="2025-06-09T14:01:58.683669" elapsed="0.181426"/>
</kw>
<kw name="Get From Dictionary" owner="Collections">
<msg time="2025-06-09T14:01:58.878361" level="INFO">${preco_total} = 187515</msg>
<var>${preco_total}</var>
<arg>${response.json()}</arg>
<arg>precoTotal</arg>
<doc>Returns a value from the given ``dictionary`` based on the given ``key``.</doc>
<status status="PASS" start="2025-06-09T14:01:58.865226" elapsed="0.013188"/>
</kw>
<kw name="Get From Dictionary" owner="Collections">
<msg time="2025-06-09T14:01:58.879346" level="INFO">${quantidade_total} = 27</msg>
<var>${quantidade_total}</var>
<arg>${response.json()}</arg>
<arg>quantidadeTotal</arg>
<doc>Returns a value from the given ``dictionary`` based on the given ``key``.</doc>
<status status="PASS" start="2025-06-09T14:01:58.878612" elapsed="0.000774"/>
</kw>
<kw name="Get From Dictionary" owner="Collections">
<msg time="2025-06-09T14:01:58.880148" level="INFO">${id_usuario} = sGMtYEbAd76I5KIw</msg>
<var>${id_usuario}</var>
<arg>${response.json()}</arg>
<arg>idUsuario</arg>
<doc>Returns a value from the given ``dictionary`` based on the given ``key``.</doc>
<status status="PASS" start="2025-06-09T14:01:58.879552" elapsed="0.000630"/>
</kw>
<kw name="Create Dictionary" owner="BuiltIn">
<msg time="2025-06-09T14:01:58.880697" level="INFO">${parameters} = {'_id': 'Y7zN4Wjt2nkU5rM5', 'precoTotal': 187515, 'quantidadeTotal': 27, 'idUsuario': 'sGMtYEbAd76I5KIw'}</msg>
<var>${parameters}</var>
<arg>_id=${id}</arg>
<arg>precoTotal=${preco_total}</arg>
<arg>quantidadeTotal=${quantidade_total}</arg>
<arg>idUsuario=${id_usuario}</arg>
<doc>Creates and returns a dictionary based on the given ``items``.</doc>
<status status="PASS" start="2025-06-09T14:01:58.880336" elapsed="0.000393"/>
</kw>
<kw name="GET On Session" owner="RequestsLibrary">
<msg time="2025-06-09T14:01:59.108190" level="INFO">GET Request : url=https://compassuol.serverest.dev/carrinhos?_id=Y7zN4Wjt2nkU5rM5&amp;precoTotal=187515&amp;quantidadeTotal=27&amp;idUsuario=sGMtYEbAd76I5KIw 
 path_url=/carrinhos?_id=Y7zN4Wjt2nkU5rM5&amp;precoTotal=187515&amp;quantidadeTotal=27&amp;idUsuario=sGMtYEbAd76I5KIw 
 headers={'User-Agent': 'python-requests/2.32.3', 'Accept-Encoding': 'gzip, deflate', 'Accept': '*/*', 'Connection': 'keep-alive'} 
 body=None 
 </msg>
<msg time="2025-06-09T14:01:59.108311" level="INFO">GET Response : url=https://compassuol.serverest.dev/carrinhos?_id=Y7zN4Wjt2nkU5rM5&amp;precoTotal=187515&amp;quantidadeTotal=27&amp;idUsuario=sGMtYEbAd76I5KIw 
 status=200, reason=OK 
 headers={'access-control-allow-origin': '*', 'x-dns-prefetch-control': 'off', 'x-frame-options': 'SAMEORIGIN', 'strict-transport-security': 'max-age=15552000; includeSubDomains', 'x-download-options': 'noopen', 'x-content-type-options': 'nosniff', 'x-xss-protection': '1; mode=block', 'content-type': 'application/json; charset=utf-8', 'x-cloud-trace-context': 'bf0d7c4c25f583dcea41642e51ed44ce', 'date': 'Mon, 09 Jun 2025 17:01:59 GMT', 'server': 'Google Frontend', 'Content-Length': '431'} 
 body={
    "quantidade": 1,
    "carrinhos": [
        {
            "produtos": [
                {
                    "idProduto": "7ugT0bCKCsKTEYrl",
                    "quantidade": 27,
                    "precoUnitario": 6945
                }
            ],
            "precoTotal": 187515,
            "quantidadeTotal": 27,
            "idUsuario": "sGMtYEbAd76I5KIw",
            "_id": "Y7zN4Wjt2nkU5rM5"
        }
    ]
} 
 </msg>
<msg time="2025-06-09T14:01:59.108399" level="INFO">C:\Users\accro\AppData\Local\Programs\Python\Python313\Lib\site-packages\urllib3\connectionpool.py:1097: InsecureRequestWarning: Unverified HTTPS request is being made to host 'compassuol.serverest.dev'. Adding certificate verification is strongly advised. See: https://urllib3.readthedocs.io/en/latest/advanced-usage.html#tls-warnings
  warnings.warn(</msg>
<msg time="2025-06-09T14:01:59.109581" level="INFO">${response} = &lt;Response [200]&gt;</msg>
<var>${response}</var>
<arg>serverest</arg>
<arg>/carrinhos</arg>
<arg>expected_status=any</arg>
<arg>params=${parameters}</arg>
<doc>Sends a GET request on a previously created HTTP Session.</doc>
<status status="PASS" start="2025-06-09T14:01:58.880873" elapsed="0.228782"/>
</kw>
<kw name="Log To Console" owner="BuiltIn">
<arg>Carrinho de id ${_id}: ${response.content}</arg>
<doc>Logs the given message to the console.</doc>
<status status="PASS" start="2025-06-09T14:01:59.109904" elapsed="0.001129"/>
</kw>
<kw name="Set Test Variable" owner="BuiltIn">
<msg time="2025-06-09T14:01:59.111436" level="INFO">${response} = &lt;Response [200]&gt;</msg>
<arg>${response}</arg>
<doc>Makes a variable available everywhere within the scope of the current test.</doc>
<status status="PASS" start="2025-06-09T14:01:59.111224" elapsed="0.000271"/>
</kw>
<status status="PASS" start="2025-06-09T14:01:58.682179" elapsed="0.429393"/>
</kw>
<kw name="Validar status code" owner="geral_keywords">
<kw name="Should Be True" owner="BuiltIn">
<arg>${response.status_code}==${status_code}</arg>
<arg>O status code deveria ser "${status_code}" e não "${response.status_code}"</arg>
<doc>Fails if the given condition is not true.</doc>
<status status="PASS" start="2025-06-09T14:01:59.112219" elapsed="0.001401"/>
</kw>
<arg>200</arg>
<status status="PASS" start="2025-06-09T14:01:59.111837" elapsed="0.001893"/>
</kw>
<kw name="Validar resposta não vazia" owner="geral_keywords">
<kw name="Should Not Be Empty" owner="BuiltIn">
<msg time="2025-06-09T14:01:59.114938" level="INFO">Length is 2.</msg>
<arg>${response.json()}</arg>
<arg>Nenhuma informação foi retornada pela API</arg>
<doc>Verifies that the given item is not empty.</doc>
<status status="PASS" start="2025-06-09T14:01:59.114371" elapsed="0.000630"/>
</kw>
<status status="PASS" start="2025-06-09T14:01:59.114036" elapsed="0.001045"/>
</kw>
<tag>listar_buscar</tag>
<status status="PASS" start="2025-06-09T14:01:57.529711" elapsed="1.585561"/>
</test>
<test id="s1-s1-t3" name="CT35: GET Buscar carrinho com ID válido" line="20">
<kw name="POST Endpoint /carrinhos" owner="carrinhos_keywords">
<kw name="Body para cadastro de carrinho" owner="carrinhos_keywords">
<kw name="Obter ID do produto" owner="produtos_keywords">
<kw name="Criar sessão e obter token" owner="produtos_keywords">
<kw name="Criar sessão na API" owner="geral_keywords">
<kw name="Create Session" owner="RequestsLibrary">
<msg time="2025-06-09T14:01:59.127498" level="INFO">Creating Session using : alias=serverest, url=https://compassuol.serverest.dev/, headers={},                     cookies={}, auth=None, timeout=None, proxies=None, verify=False,                     debug=0 </msg>
<arg>serverest</arg>
<arg>${URL_BASE}</arg>
<doc>Create Session: create a HTTP session to a server</doc>
<status status="PASS" start="2025-06-09T14:01:59.127307" elapsed="0.000545"/>
</kw>
<status status="PASS" start="2025-06-09T14:01:59.127035" elapsed="0.000970"/>
</kw>
<kw name="POST Endpoint /usuarios" owner="usuarios_keywords">
<kw name="Body para cadastro de usuário" owner="usuarios_keywords">
<kw name="First Name" owner="FakerLibrary">
<msg time="2025-06-09T14:01:59.129314" level="INFO">${primeiro_nome} = Raymond</msg>
<var>${primeiro_nome}</var>
<status status="PASS" start="2025-06-09T14:01:59.128926" elapsed="0.000429"/>
</kw>
<kw name="Last Name" owner="FakerLibrary">
<msg time="2025-06-09T14:01:59.129757" level="INFO">${sobrenome} = Hernandez</msg>
<var>${sobrenome}</var>
<status status="PASS" start="2025-06-09T14:01:59.129478" elapsed="0.000306"/>
</kw>
<kw name="Email" owner="FakerLibrary">
<msg time="2025-06-09T14:01:59.130145" level="INFO">${email} = tammy86@example.net</msg>
<var>${email}</var>
<status status="PASS" start="2025-06-09T14:01:59.129883" elapsed="0.000288"/>
</kw>
<kw name="Evaluate" owner="BuiltIn">
<msg time="2025-06-09T14:01:59.130528" level="INFO">${caracteres} = 8</msg>
<var>${caracteres}</var>
<arg>random.randint(5, 10)</arg>
<arg>random</arg>
<doc>Evaluates the given expression in Python and returns the result.</doc>
<status status="PASS" start="2025-06-09T14:01:59.130286" elapsed="0.000267"/>
</kw>
<kw name="Convert To Integer" owner="BuiltIn">
<msg time="2025-06-09T14:01:59.130836" level="INFO">${caracteres_int} = 8</msg>
<var>${caracteres_int}</var>
<arg>${caracteres}</arg>
<doc>Converts the given item to an integer number.</doc>
<status status="PASS" start="2025-06-09T14:01:59.130666" elapsed="0.000194"/>
</kw>
<kw name="Password" owner="FakerLibrary">
<msg time="2025-06-09T14:01:59.131247" level="INFO">${password} = 8O3SWfoU</msg>
<var>${password}</var>
<arg>length=${caracteres_int}</arg>
<arg>special_chars=False</arg>
<doc>Generate a random password of the specified ``length``.</doc>
<status status="PASS" start="2025-06-09T14:01:59.130962" elapsed="0.000311"/>
</kw>
<kw name="Create Dictionary" owner="BuiltIn">
<msg time="2025-06-09T14:01:59.131681" level="INFO">${body} = {'nome': 'Raymond Hernandez', 'email': 'tammy86@example.net', 'password': '8O3SWfoU', 'administrador': 'true'}</msg>
<var>${body}</var>
<arg>nome=${primeiro_nome} ${sobrenome}</arg>
<arg>email=${email}</arg>
<arg>password=${password}</arg>
<arg>administrador=true</arg>
<doc>Creates and returns a dictionary based on the given ``items``.</doc>
<status status="PASS" start="2025-06-09T14:01:59.131390" elapsed="0.000316"/>
</kw>
<kw name="Set Test Variable" owner="BuiltIn">
<msg time="2025-06-09T14:01:59.131994" level="INFO">${body} = {'nome': 'Raymond Hernandez', 'email': 'tammy86@example.net', 'password': '8O3SWfoU', 'administrador': 'true'}</msg>
<arg>${body}</arg>
<doc>Makes a variable available everywhere within the scope of the current test.</doc>
<status status="PASS" start="2025-06-09T14:01:59.131819" elapsed="0.000212"/>
</kw>
<kw name="Set Test Variable" owner="BuiltIn">
<msg time="2025-06-09T14:01:59.132279" level="INFO">${email} = tammy86@example.net</msg>
<arg>${email}</arg>
<doc>Makes a variable available everywhere within the scope of the current test.</doc>
<status status="PASS" start="2025-06-09T14:01:59.132124" elapsed="0.000192"/>
</kw>
<kw name="Set Test Variable" owner="BuiltIn">
<msg time="2025-06-09T14:01:59.132585" level="INFO">${password} = 8O3SWfoU</msg>
<arg>${password}</arg>
<doc>Makes a variable available everywhere within the scope of the current test.</doc>
<status status="PASS" start="2025-06-09T14:01:59.132413" elapsed="0.000212"/>
</kw>
<status status="PASS" start="2025-06-09T14:01:59.128530" elapsed="0.004143"/>
</kw>
<kw name="POST On Session" owner="RequestsLibrary">
<msg time="2025-06-09T14:01:59.616638" level="INFO">POST Request : url=https://compassuol.serverest.dev/usuarios 
 path_url=/usuarios 
 headers={'User-Agent': 'python-requests/2.32.3', 'Accept-Encoding': 'gzip, deflate', 'Accept': '*/*', 'Connection': 'keep-alive', 'Content-Length': '110', 'Content-Type': 'application/json'} 
 body=b'{"nome": "Raymond Hernandez", "email": "tammy86@example.net", "password": "8O3SWfoU", "administrador": "true"}' 
 </msg>
<msg time="2025-06-09T14:01:59.616765" level="INFO">POST Response : url=https://compassuol.serverest.dev/usuarios 
 status=201, reason=Created 
 headers={'access-control-allow-origin': '*', 'x-dns-prefetch-control': 'off', 'x-frame-options': 'SAMEORIGIN', 'strict-transport-security': 'max-age=15552000; includeSubDomains', 'x-download-options': 'noopen', 'x-content-type-options': 'nosniff', 'x-xss-protection': '1; mode=block', 'content-type': 'application/json; charset=utf-8', 'x-cloud-trace-context': 'a8742f2e40bdb763c159f5066cdff044', 'date': 'Mon, 09 Jun 2025 17:01:59 GMT', 'server': 'Google Frontend', 'Content-Length': '82'} 
 body={
    "message": "Cadastro realizado com sucesso",
    "_id": "JzEF8G9UUfaX2SrG"
} 
 </msg>
<msg time="2025-06-09T14:01:59.616853" level="INFO">C:\Users\accro\AppData\Local\Programs\Python\Python313\Lib\site-packages\urllib3\connectionpool.py:1097: InsecureRequestWarning: Unverified HTTPS request is being made to host 'compassuol.serverest.dev'. Adding certificate verification is strongly advised. See: https://urllib3.readthedocs.io/en/latest/advanced-usage.html#tls-warnings
  warnings.warn(</msg>
<msg time="2025-06-09T14:01:59.617232" level="INFO">${response} = &lt;Response [201]&gt;</msg>
<var>${response}</var>
<arg>serverest</arg>
<arg>/usuarios</arg>
<arg>json=${body}</arg>
<arg>expected_status=any</arg>
<doc>Sends a POST request on a previously created HTTP Session.</doc>
<status status="PASS" start="2025-06-09T14:01:59.132761" elapsed="0.484518"/>
</kw>
<kw name="Log To Console" owner="BuiltIn">
<arg>Usuário criado: ${body}</arg>
<doc>Logs the given message to the console.</doc>
<status status="PASS" start="2025-06-09T14:01:59.617442" elapsed="0.000276"/>
</kw>
<kw name="Set Test Variable" owner="BuiltIn">
<msg time="2025-06-09T14:01:59.618036" level="INFO">${body} = {'nome': 'Raymond Hernandez', 'email': 'tammy86@example.net', 'password': '8O3SWfoU', 'administrador': 'true'}</msg>
<arg>${body}</arg>
<doc>Makes a variable available everywhere within the scope of the current test.</doc>
<status status="PASS" start="2025-06-09T14:01:59.617848" elapsed="0.000224"/>
</kw>
<kw name="Set Test Variable" owner="BuiltIn">
<msg time="2025-06-09T14:01:59.618296" level="INFO">${email} = tammy86@example.net</msg>
<arg>${email}</arg>
<doc>Makes a variable available everywhere within the scope of the current test.</doc>
<status status="PASS" start="2025-06-09T14:01:59.618163" elapsed="0.000165"/>
</kw>
<kw name="Set Test Variable" owner="BuiltIn">
<msg time="2025-06-09T14:01:59.618564" level="INFO">${password} = 8O3SWfoU</msg>
<arg>${password}</arg>
<doc>Makes a variable available everywhere within the scope of the current test.</doc>
<status status="PASS" start="2025-06-09T14:01:59.618426" elapsed="0.000169"/>
</kw>
<kw name="Set Test Variable" owner="BuiltIn">
<msg time="2025-06-09T14:01:59.618812" level="INFO">${response} = &lt;Response [201]&gt;</msg>
<arg>${response}</arg>
<doc>Makes a variable available everywhere within the scope of the current test.</doc>
<status status="PASS" start="2025-06-09T14:01:59.618677" elapsed="0.000168"/>
</kw>
<status status="PASS" start="2025-06-09T14:01:59.128196" elapsed="0.490697"/>
</kw>
<kw name="POST Endpoint /login" owner="login_keywords">
<kw name="Create Dictionary" owner="BuiltIn">
<msg time="2025-06-09T14:01:59.619410" level="INFO">${body} = {'email': 'tammy86@example.net', 'password': '8O3SWfoU'}</msg>
<var>${body}</var>
<arg>email=${email}</arg>
<arg>password=${password}</arg>
<doc>Creates and returns a dictionary based on the given ``items``.</doc>
<status status="PASS" start="2025-06-09T14:01:59.619232" elapsed="0.000199"/>
</kw>
<kw name="POST On Session" owner="RequestsLibrary">
<msg time="2025-06-09T14:01:59.821252" level="INFO">POST Request : url=https://compassuol.serverest.dev/login 
 path_url=/login 
 headers={'User-Agent': 'python-requests/2.32.3', 'Accept-Encoding': 'gzip, deflate', 'Accept': '*/*', 'Connection': 'keep-alive', 'Content-Length': '56', 'Content-Type': 'application/json'} 
 body=b'{"email": "tammy86@example.net", "password": "8O3SWfoU"}' 
 </msg>
<msg time="2025-06-09T14:01:59.821369" level="INFO">POST Response : url=https://compassuol.serverest.dev/login 
 status=200, reason=OK 
 headers={'access-control-allow-origin': '*', 'x-dns-prefetch-control': 'off', 'x-frame-options': 'SAMEORIGIN', 'strict-transport-security': 'max-age=15552000; includeSubDomains', 'x-download-options': 'noopen', 'x-content-type-options': 'nosniff', 'x-xss-protection': '1; mode=block', 'content-type': 'application/json; charset=utf-8', 'x-cloud-trace-context': 'c24c7704ab425635c159f5066cdff7ae', 'date': 'Mon, 09 Jun 2025 17:01:59 GMT', 'server': 'Google Frontend', 'Content-Length': '277'} 
 body={
    "message": "Login realizado com sucesso",
    "authorization": "Bearer eyJhbGciOiJIUzI1NiIsInR5cCI6IkpXVCJ9.eyJlbWFpbCI6InRhbW15ODZAZXhhbXBsZS5uZXQiLCJwYXNzd29yZCI6IjhPM1NXZm9VIiwiaWF0IjoxNzQ5NDg4NTE5LCJleHAiOjE3NDk0ODkxMTl9.9Yk3ShAy7IIcBFymu5iQkKSt-J3CstS-7qlHpQC94II"
} 
 </msg>
<msg time="2025-06-09T14:01:59.821450" level="INFO">C:\Users\accro\AppData\Local\Programs\Python\Python313\Lib\site-packages\urllib3\connectionpool.py:1097: InsecureRequestWarning: Unverified HTTPS request is being made to host 'compassuol.serverest.dev'. Adding certificate verification is strongly advised. See: https://urllib3.readthedocs.io/en/latest/advanced-usage.html#tls-warnings
  warnings.warn(</msg>
<msg time="2025-06-09T14:01:59.821832" level="INFO">${response} = &lt;Response [200]&gt;</msg>
<var>${response}</var>
<arg>serverest</arg>
<arg>/login</arg>
<arg>json=${body}</arg>
<arg>expected_status=any</arg>
<doc>Sends a POST request on a previously created HTTP Session.</doc>
<status status="PASS" start="2025-06-09T14:01:59.619516" elapsed="0.202372"/>
</kw>
<kw name="Log To Console" owner="BuiltIn">
<arg>Email: ${email}\nSenha: ${password}</arg>
<doc>Logs the given message to the console.</doc>
<status status="PASS" start="2025-06-09T14:01:59.822097" elapsed="0.000473"/>
</kw>
<kw name="Set Test Variable" owner="BuiltIn">
<msg time="2025-06-09T14:01:59.823030" level="INFO">${response} = &lt;Response [200]&gt;</msg>
<arg>${response}</arg>
<doc>Makes a variable available everywhere within the scope of the current test.</doc>
<status status="PASS" start="2025-06-09T14:01:59.822767" elapsed="0.000319"/>
</kw>
<status status="PASS" start="2025-06-09T14:01:59.619020" elapsed="0.204143"/>
</kw>
<kw name="Guardar token gerado" owner="login_keywords">
<kw name="Get From Dictionary" owner="Collections">
<msg time="2025-06-09T14:01:59.824282" level="INFO">${token} = Bearer eyJhbGciOiJIUzI1NiIsInR5cCI6IkpXVCJ9.eyJlbWFpbCI6InRhbW15ODZAZXhhbXBsZS5uZXQiLCJwYXNzd29yZCI6IjhPM1NXZm9VIiwiaWF0IjoxNzQ5NDg4NTE5LCJleHAiOjE3NDk0ODkxMTl9.9Yk3ShAy7IIcBFymu5iQkKSt-J3CstS-7qlHpQC...</msg>
<var>${token}</var>
<arg>${response.json()}</arg>
<arg>authorization</arg>
<doc>Returns a value from the given ``dictionary`` based on the given ``key``.</doc>
<status status="PASS" start="2025-06-09T14:01:59.823673" elapsed="0.000645"/>
</kw>
<kw name="Set Test Variable" owner="BuiltIn">
<msg time="2025-06-09T14:01:59.824686" level="INFO">${token} = Bearer eyJhbGciOiJIUzI1NiIsInR5cCI6IkpXVCJ9.eyJlbWFpbCI6InRhbW15ODZAZXhhbXBsZS5uZXQiLCJwYXNzd29yZCI6IjhPM1NXZm9VIiwiaWF0IjoxNzQ5NDg4NTE5LCJleHAiOjE3NDk0ODkxMTl9.9Yk3ShAy7IIcBFymu5iQkKSt-J3CstS-7qlHpQC...</msg>
<arg>${token}</arg>
<doc>Makes a variable available everywhere within the scope of the current test.</doc>
<status status="PASS" start="2025-06-09T14:01:59.824478" elapsed="0.000264"/>
</kw>
<status status="PASS" start="2025-06-09T14:01:59.823345" elapsed="0.001464"/>
</kw>
<status status="PASS" start="2025-06-09T14:01:59.126682" elapsed="0.698176"/>
</kw>
<kw name="POST Endpoint /produtos com autenticação" owner="produtos_keywords">
<kw name="Create Dictionary" owner="BuiltIn">
<msg time="2025-06-09T14:01:59.825575" level="INFO">${header} = {'Authorization': 'Bearer eyJhbGciOiJIUzI1NiIsInR5cCI6IkpXVCJ9.eyJlbWFpbCI6InRhbW15ODZAZXhhbXBsZS5uZXQiLCJwYXNzd29yZCI6IjhPM1NXZm9VIiwiaWF0IjoxNzQ5NDg4NTE5LCJleHAiOjE3NDk0ODkxMTl9.9Yk3ShAy7IIcBFymu5iQ...</msg>
<var>${header}</var>
<arg>Authorization=${token}</arg>
<doc>Creates and returns a dictionary based on the given ``items``.</doc>
<status status="PASS" start="2025-06-09T14:01:59.825353" elapsed="0.000255"/>
</kw>
<kw name="Body para cadastro de produto" owner="produtos_keywords">
<kw name="Word" owner="FakerLibrary">
<msg time="2025-06-09T14:01:59.826288" level="INFO">${nome} = federal</msg>
<var>${nome}</var>
<doc>Generate a word.</doc>
<status status="PASS" start="2025-06-09T14:01:59.826066" elapsed="0.000255"/>
</kw>
<kw name="Random Int" owner="FakerLibrary">
<msg time="2025-06-09T14:01:59.826769" level="INFO">${preco} = 5941</msg>
<var>${preco}</var>
<arg>min=50</arg>
<doc>Generate a random integer between two integers ``min`` and ``max`` inclusive
while observing the provided ``step`` value.</doc>
<status status="PASS" start="2025-06-09T14:01:59.826481" elapsed="0.000323"/>
</kw>
<kw name="Paragraph" owner="FakerLibrary">
<msg time="2025-06-09T14:01:59.827258" level="INFO">${descricao} = Ready minute trip when.</msg>
<var>${descricao}</var>
<arg>nb_sentences=1</arg>
<doc>Generate a paragraph.</doc>
<status status="PASS" start="2025-06-09T14:01:59.826948" elapsed="0.000345"/>
</kw>
<kw name="Random Int" owner="FakerLibrary">
<msg time="2025-06-09T14:01:59.827676" level="INFO">${quantidade} = 64</msg>
<var>${quantidade}</var>
<arg>min=20</arg>
<arg>max=200</arg>
<doc>Generate a random integer between two integers ``min`` and ``max`` inclusive
while observing the provided ``step`` value.</doc>
<status status="PASS" start="2025-06-09T14:01:59.827436" elapsed="0.000270"/>
</kw>
<kw name="Create Dictionary" owner="BuiltIn">
<msg time="2025-06-09T14:01:59.828855" level="INFO">${body} = {'nome': 'federal', 'preco': 5941, 'descricao': 'Ready minute trip when.', 'quantidade': 64}</msg>
<var>${body}</var>
<arg>nome=${nome}</arg>
<arg>preco=${preco}</arg>
<arg>descricao=${descricao}</arg>
<arg>quantidade=${quantidade}</arg>
<doc>Creates and returns a dictionary based on the given ``items``.</doc>
<status status="PASS" start="2025-06-09T14:01:59.827878" elapsed="0.001016"/>
</kw>
<kw name="Set Test Variable" owner="BuiltIn">
<msg time="2025-06-09T14:01:59.829283" level="INFO">${body} = {'nome': 'federal', 'preco': 5941, 'descricao': 'Ready minute trip when.', 'quantidade': 64}</msg>
<arg>${body}</arg>
<doc>Makes a variable available everywhere within the scope of the current test.</doc>
<status status="PASS" start="2025-06-09T14:01:59.829055" elapsed="0.000277"/>
</kw>
<status status="PASS" start="2025-06-09T14:01:59.825782" elapsed="0.003616"/>
</kw>
<kw name="POST On Session" owner="RequestsLibrary">
<msg time="2025-06-09T14:02:00.129330" level="INFO">POST Request : url=https://compassuol.serverest.dev/produtos 
 path_url=/produtos 
[...]
 status=200, reason=OK 
 headers={'access-control-allow-origin': '*', 'x-dns-prefetch-control': 'off', 'x-frame-options': 'SAMEORIGIN', 'strict-transport-security': 'max-age=15552000; includeSubDomains', 'x-download-options': 'noopen', 'x-content-type-options': 'nosniff', 'x-xss-protection': '1; mode=block', 'content-type': 'application/json; charset=utf-8', 'x-cloud-trace-context': 'df6df96f5b9cd9aeec2a94e00a2b00fa', 'date': 'Mon, 09 Jun 2025 17:02:10 GMT', 'server': 'Google Frontend', 'Content-Length': '264'} 
 body={
    "quantidade": 1,
    "usuarios": [
        {
            "nome": "Steven Townsend",
            "email": "luisbrowning@example.net",
            "password": "E49Tj",
            "administrador": "true",
            "_id": "7yQjOAWzDWyhe09I"
        }
    ]
} 
 </msg>
<msg time="2025-06-09T14:02:10.984567" level="INFO">C:\Users\accro\AppData\Local\Programs\Python\Python313\Lib\site-packages\urllib3\connectionpool.py:1097: InsecureRequestWarning: Unverified HTTPS request is being made to host 'compassuol.serverest.dev'. Adding certificate verification is strongly advised. See: https://urllib3.readthedocs.io/en/latest/advanced-usage.html#tls-warnings
  warnings.warn(</msg>
<msg time="2025-06-09T14:02:10.985065" level="INFO">${response} = &lt;Response [200]&gt;</msg>
<var>${response}</var>
<arg>serverest</arg>
<arg>/usuarios</arg>
<arg>expected_status=any</arg>
<arg>params=${parameters}</arg>
<doc>Sends a GET request on a previously created HTTP Session.</doc>
<status status="PASS" start="2025-06-09T14:02:10.785879" elapsed="0.199256"/>
</kw>
<kw name="Log To Console" owner="BuiltIn">
<arg>Usuário de id ${_id}: ${response.content}</arg>
<doc>Logs the given message to the console.</doc>
<status status="PASS" start="2025-06-09T14:02:10.985488" elapsed="0.001437"/>
</kw>
<kw name="Set Test Variable" owner="BuiltIn">
<msg time="2025-06-09T14:02:10.987558" level="INFO">${response} = &lt;Response [200]&gt;</msg>
<arg>${response}</arg>
<doc>Makes a variable available everywhere within the scope of the current test.</doc>
<status status="PASS" start="2025-06-09T14:02:10.987227" elapsed="0.000421"/>
</kw>
<status status="PASS" start="2025-06-09T14:02:10.782549" elapsed="0.205223"/>
</kw>
<kw name="Validar status code" owner="geral_keywords">
<kw name="Should Be True" owner="BuiltIn">
<arg>${response.status_code}==${status_code}</arg>
<arg>O status code deveria ser "${status_code}" e não "${response.status_code}"</arg>
<doc>Fails if the given condition is not true.</doc>
<status status="PASS" start="2025-06-09T14:02:10.988819" elapsed="0.002273"/>
</kw>
<arg>200</arg>
<status status="PASS" start="2025-06-09T14:02:10.988244" elapsed="0.003005"/>
</kw>
<kw name="Validar resposta não vazia" owner="geral_keywords">
<kw name="Should Not Be Empty" owner="BuiltIn">
<msg time="2025-06-09T14:02:10.993672" level="INFO">Length is 2.</msg>
<arg>${response.json()}</arg>
<arg>Nenhuma informação foi retornada pela API</arg>
<doc>Verifies that the given item is not empty.</doc>
<status status="PASS" start="2025-06-09T14:02:10.992607" elapsed="0.001254"/>
</kw>
<status status="PASS" start="2025-06-09T14:02:10.991694" elapsed="0.002365"/>
</kw>
<tag>listar_buscar</tag>
<status status="PASS" start="2025-06-09T14:02:10.581863" elapsed="0.417492"/>
</test>
<test id="s1-s4-t10" name="CT13: GET Buscar usuário com ID válido" line="62">
<kw name="POST Endpoint /usuarios" owner="usuarios_keywords">
<kw name="Body para cadastro de usuário" owner="usuarios_keywords">
<kw name="First Name" owner="FakerLibrary">
<msg time="2025-06-09T14:02:11.003630" level="INFO">${primeiro_nome} = Theodore</msg>
<var>${primeiro_nome}</var>
<status status="PASS" start="2025-06-09T14:02:11.002635" elapsed="0.001049"/>
</kw>
<kw name="Last Name" owner="FakerLibrary">
<msg time="2025-06-09T14:02:11.004211" level="INFO">${sobrenome} = Harper</msg>
<var>${sobrenome}</var>
<status status="PASS" start="2025-06-09T14:02:11.003843" elapsed="0.000412"/>
</kw>
<kw name="Email" owner="FakerLibrary">
<msg time="2025-06-09T14:02:11.004771" level="INFO">${email} = zortega@example.com</msg>
<var>${email}</var>
<status status="PASS" start="2025-06-09T14:02:11.004396" elapsed="0.000409"/>
</kw>
<kw name="Evaluate" owner="BuiltIn">
<msg time="2025-06-09T14:02:11.005336" level="INFO">${caracteres} = 6</msg>
<var>${caracteres}</var>
<arg>random.randint(5, 10)</arg>
<arg>random</arg>
<doc>Evaluates the given expression in Python and returns the result.</doc>
<status status="PASS" start="2025-06-09T14:02:11.005048" elapsed="0.000322"/>
</kw>
<kw name="Convert To Integer" owner="BuiltIn">
<msg time="2025-06-09T14:02:11.005815" level="INFO">${caracteres_int} = 6</msg>
<var>${caracteres_int}</var>
<arg>${caracteres}</arg>
<doc>Converts the given item to an integer number.</doc>
<status status="PASS" start="2025-06-09T14:02:11.005517" elapsed="0.000342"/>
</kw>
<kw name="Password" owner="FakerLibrary">
<msg time="2025-06-09T14:02:11.006375" level="INFO">${password} = 2HPzwe</msg>
<var>${password}</var>
<arg>length=${caracteres_int}</arg>
<arg>special_chars=False</arg>
<doc>Generate a random password of the specified ``length``.</doc>
<status status="PASS" start="2025-06-09T14:02:11.006023" elapsed="0.000387"/>
</kw>
<kw name="Create Dictionary" owner="BuiltIn">
<msg time="2025-06-09T14:02:11.007329" level="INFO">${body} = {'nome': 'Theodore Harper', 'email': 'zortega@example.com', 'password': '2HPzwe', 'administrador': 'true'}</msg>
<var>${body}</var>
<arg>nome=${primeiro_nome} ${sobrenome}</arg>
<arg>email=${email}</arg>
<arg>password=${password}</arg>
<arg>administrador=true</arg>
<doc>Creates and returns a dictionary based on the given ``items``.</doc>
<status status="PASS" start="2025-06-09T14:02:11.006570" elapsed="0.000852"/>
</kw>
<kw name="Set Test Variable" owner="BuiltIn">
<msg time="2025-06-09T14:02:11.008319" level="INFO">${body} = {'nome': 'Theodore Harper', 'email': 'zortega@example.com', 'password': '2HPzwe', 'administrador': 'true'}</msg>
<arg>${body}</arg>
<doc>Makes a variable available everywhere within the scope of the current test.</doc>
<status status="PASS" start="2025-06-09T14:02:11.007990" elapsed="0.000527"/>
</kw>
<kw name="Set Test Variable" owner="BuiltIn">
<msg time="2025-06-09T14:02:11.009176" level="INFO">${email} = zortega@example.com</msg>
<arg>${email}</arg>
<doc>Makes a variable available everywhere within the scope of the current test.</doc>
<status status="PASS" start="2025-06-09T14:02:11.008683" elapsed="0.000565"/>
</kw>
<kw name="Set Test Variable" owner="BuiltIn">
<msg time="2025-06-09T14:02:11.009789" level="INFO">${password} = 2HPzwe</msg>
<arg>${password}</arg>
<doc>Makes a variable available everywhere within the scope of the current test.</doc>
<status status="PASS" start="2025-06-09T14:02:11.009582" elapsed="0.000257"/>
</kw>
<status status="PASS" start="2025-06-09T14:02:11.001943" elapsed="0.007969"/>
</kw>
<kw name="POST On Session" owner="RequestsLibrary">
<msg time="2025-06-09T14:02:11.289921" level="INFO">POST Request : url=https://compassuol.serverest.dev/usuarios 
 path_url=/usuarios 
 headers={'User-Agent': 'python-requests/2.32.3', 'Accept-Encoding': 'gzip, deflate', 'Accept': '*/*', 'Connection': 'keep-alive', 'Content-Length': '106', 'Content-Type': 'application/json'} 
 body=b'{"nome": "Theodore Harper", "email": "zortega@example.com", "password": "2HPzwe", "administrador": "true"}' 
 </msg>
<msg time="2025-06-09T14:02:11.290006" level="INFO">POST Response : url=https://compassuol.serverest.dev/usuarios 
 status=201, reason=Created 
 headers={'access-control-allow-origin': '*', 'x-dns-prefetch-control': 'off', 'x-frame-options': 'SAMEORIGIN', 'strict-transport-security': 'max-age=15552000; includeSubDomains', 'x-download-options': 'noopen', 'x-content-type-options': 'nosniff', 'x-xss-protection': '1; mode=block', 'content-type': 'application/json; charset=utf-8', 'x-cloud-trace-context': '035c2d97efe9a10cec2a94e00a2b0ced', 'date': 'Mon, 09 Jun 2025 17:02:11 GMT', 'server': 'Google Frontend', 'Content-Length': '82'} 
 body={
    "message": "Cadastro realizado com sucesso",
    "_id": "UyWnq3KALfCfX1q7"
} 
 </msg>
<msg time="2025-06-09T14:02:11.290061" level="INFO">C:\Users\accro\AppData\Local\Programs\Python\Python313\Lib\site-packages\urllib3\connectionpool.py:1097: InsecureRequestWarning: Unverified HTTPS request is being made to host 'compassuol.serverest.dev'. Adding certificate verification is strongly advised. See: https://urllib3.readthedocs.io/en/latest/advanced-usage.html#tls-warnings
  warnings.warn(</msg>
<msg time="2025-06-09T14:02:11.290352" level="INFO">${response} = &lt;Response [201]&gt;</msg>
<var>${response}</var>
<arg>serverest</arg>
<arg>/usuarios</arg>
<arg>json=${body}</arg>
<arg>expected_status=any</arg>
<doc>Sends a POST request on a previously created HTTP Session.</doc>
<status status="PASS" start="2025-06-09T14:02:11.010038" elapsed="0.280365"/>
</kw>
<kw name="Log To Console" owner="BuiltIn">
<arg>Usuário criado: ${body}</arg>
<doc>Logs the given message to the console.</doc>
<status status="PASS" start="2025-06-09T14:02:11.290618" elapsed="0.000304"/>
</kw>
<kw name="Set Test Variable" owner="BuiltIn">
<msg time="2025-06-09T14:02:11.291325" level="INFO">${body} = {'nome': 'Theodore Harper', 'email': 'zortega@example.com', 'password': '2HPzwe', 'administrador': 'true'}</msg>
<arg>${body}</arg>
<doc>Makes a variable available everywhere within the scope of the current test.</doc>
<status status="PASS" start="2025-06-09T14:02:11.291105" elapsed="0.000272"/>
</kw>
<kw name="Set Test Variable" owner="BuiltIn">
<msg time="2025-06-09T14:02:11.291633" level="INFO">${email} = zortega@example.com</msg>
<arg>${email}</arg>
<doc>Makes a variable available everywhere within the scope of the current test.</doc>
<status status="PASS" start="2025-06-09T14:02:11.291499" elapsed="0.000169"/>
</kw>
<kw name="Set Test Variable" owner="BuiltIn">
<msg time="2025-06-09T14:02:11.291873" level="INFO">${password} = 2HPzwe</msg>
<arg>${password}</arg>
<doc>Makes a variable available everywhere within the scope of the current test.</doc>
<status status="PASS" start="2025-06-09T14:02:11.291761" elapsed="0.000144"/>
</kw>
<kw name="Set Test Variable" owner="BuiltIn">
<msg time="2025-06-09T14:02:11.292111" level="INFO">${response} = &lt;Response [201]&gt;</msg>
<arg>${response}</arg>
<doc>Makes a variable available everywhere within the scope of the current test.</doc>
<status status="PASS" start="2025-06-09T14:02:11.291991" elapsed="0.000189"/>
</kw>
<status status="PASS" start="2025-06-09T14:02:11.001401" elapsed="0.290909"/>
</kw>
<kw name="GET Endpoint /usuarios/{_id}" owner="usuarios_keywords">
<kw name="Get From Dictionary" owner="Collections">
<msg time="2025-06-09T14:02:11.293263" level="INFO">${id} = UyWnq3KALfCfX1q7</msg>
<var>${id}</var>
<arg>${response.json()}</arg>
<arg>_id</arg>
<doc>Returns a value from the given ``dictionary`` based on the given ``key``.</doc>
<status status="PASS" start="2025-06-09T14:02:11.292857" elapsed="0.000430"/>
</kw>
<kw name="GET On Session" owner="RequestsLibrary">
<msg time="2025-06-09T14:02:11.498878" level="INFO">GET Request : url=https://compassuol.serverest.dev/usuarios/UyWnq3KALfCfX1q7 
 path_url=/usuarios/UyWnq3KALfCfX1q7 
 headers={'User-Agent': 'python-requests/2.32.3', 'Accept-Encoding': 'gzip, deflate', 'Accept': '*/*', 'Connection': 'keep-alive'} 
 body=None 
 </msg>
<msg time="2025-06-09T14:02:11.499079" level="INFO">GET Response : url=https://compassuol.serverest.dev/usuarios/UyWnq3KALfCfX1q7 
 status=200, reason=OK 
 headers={'access-control-allow-origin': '*', 'x-dns-prefetch-control': 'off', 'x-frame-options': 'SAMEORIGIN', 'strict-transport-security': 'max-age=15552000; includeSubDomains', 'x-download-options': 'noopen', 'x-content-type-options': 'nosniff', 'x-xss-protection': '1; mode=block', 'content-type': 'application/json; charset=utf-8', 'x-cloud-trace-context': 'fafbd6757e9b255aec2a94e00a2b0cb8', 'date': 'Mon, 09 Jun 2025 17:02:11 GMT', 'server': 'Google Frontend', 'Content-Length': '155'} 
 body={
    "nome": "Theodore Harper",
    "email": "zortega@example.com",
    "password": "2HPzwe",
    "administrador": "true",
    "_id": "UyWnq3KALfCfX1q7"
} 
 </msg>
<msg time="2025-06-09T14:02:11.499217" level="INFO">C:\Users\accro\AppData\Local\Programs\Python\Python313\Lib\site-packages\urllib3\connectionpool.py:1097: InsecureRequestWarning: Unverified HTTPS request is being made to host 'compassuol.serverest.dev'. Adding certificate verification is strongly advised. See: https://urllib3.readthedocs.io/en/latest/advanced-usage.html#tls-warnings
  warnings.warn(</msg>
<msg time="2025-06-09T14:02:11.500333" level="INFO">${response} = &lt;Response [200]&gt;</msg>
<var>${response}</var>
<arg>serverest</arg>
<arg>/usuarios/${id}</arg>
<arg>expected_status=any</arg>
<doc>Sends a GET request on a previously created HTTP Session.</doc>
<status status="PASS" start="2025-06-09T14:02:11.293385" elapsed="0.207023"/>
</kw>
<kw name="Log To Console" owner="BuiltIn">
<arg>Usuário de id ${_id}: ${response.content}</arg>
<doc>Logs the given message to the console.</doc>
<status status="PASS" start="2025-06-09T14:02:11.500732" elapsed="0.002158"/>
</kw>
<kw name="Set Test Variable" owner="BuiltIn">
<msg time="2025-06-09T14:02:11.503547" level="INFO">${response} = &lt;Response [200]&gt;</msg>
<arg>${response}</arg>
<doc>Makes a variable available everywhere within the scope of the current test.</doc>
<status status="PASS" start="2025-06-09T14:02:11.503202" elapsed="0.000439"/>
</kw>
<status status="PASS" start="2025-06-09T14:02:11.292627" elapsed="0.211139"/>
</kw>
<kw name="Validar status code" owner="geral_keywords">
<kw name="Should Be True" owner="BuiltIn">
<arg>${response.status_code}==${status_code}</arg>
<arg>O status code deveria ser "${status_code}" e não "${response.status_code}"</arg>
<doc>Fails if the given condition is not true.</doc>
<status status="PASS" start="2025-06-09T14:02:11.505018" elapsed="0.002199"/>
</kw>
<arg>200</arg>
<status status="PASS" start="2025-06-09T14:02:11.504450" elapsed="0.002901"/>
</kw>
<kw name="Validar resposta não vazia" owner="geral_keywords">
<kw name="Should Not Be Empty" owner="BuiltIn">
<msg time="2025-06-09T14:02:11.509993" level="INFO">Length is 5.</msg>
<arg>${response.json()}</arg>
<arg>Nenhuma informação foi retornada pela API</arg>
<doc>Verifies that the given item is not empty.</doc>
<status status="PASS" start="2025-06-09T14:02:11.509192" elapsed="0.000886"/>
</kw>
<status status="PASS" start="2025-06-09T14:02:11.508395" elapsed="0.001786"/>
</kw>
<tag>listar_buscar</tag>
<status status="PASS" start="2025-06-09T14:02:11.000379" elapsed="0.512978"/>
</test>
<test id="s1-s4-t11" name="CT14: GET Buscar usuário com ID inexistente" line="69">
<kw name="GET Endpoint /usuarios/{_id} com ID inexistente" owner="usuarios_keywords">
<kw name="Password" owner="FakerLibrary">
<msg time="2025-06-09T14:02:11.515860" level="INFO">${id_aleatorio} = NSRULlMKYIPQRypS</msg>
<var>${id_aleatorio}</var>
<arg>length=16</arg>
<arg>special_chars=False</arg>
<arg>digits=False</arg>
<doc>Generate a random password of the specified ``length``.</doc>
<status status="PASS" start="2025-06-09T14:02:11.515430" elapsed="0.000473"/>
</kw>
<kw name="GET On Session" owner="RequestsLibrary">
<msg time="2025-06-09T14:02:11.715544" level="INFO">GET Request : url=https://compassuol.serverest.dev/usuarios/NSRULlMKYIPQRypS 
 path_url=/usuarios/NSRULlMKYIPQRypS 
 headers={'User-Agent': 'python-requests/2.32.3', 'Accept-Encoding': 'gzip, deflate', 'Accept': '*/*', 'Connection': 'keep-alive'} 
 body=None 
 </msg>
<msg time="2025-06-09T14:02:11.715660" level="INFO">GET Response : url=https://compassuol.serverest.dev/usuarios/NSRULlMKYIPQRypS 
 status=400, reason=Bad Request 
 headers={'access-control-allow-origin': '*', 'x-dns-prefetch-control': 'off', 'x-frame-options': 'SAMEORIGIN', 'strict-transport-security': 'max-age=15552000; includeSubDomains', 'x-download-options': 'noopen', 'x-content-type-options': 'nosniff', 'x-xss-protection': '1; mode=block', 'content-type': 'application/json; charset=utf-8', 'x-cloud-trace-context': '65e08d59551d5724ec2a94e00a2b0b2f', 'date': 'Mon, 09 Jun 2025 17:02:11 GMT', 'server': 'Google Frontend', 'Content-Length': '45'} 
 body={
    "message": "Usuário não encontrado"
} 
 </msg>
<msg time="2025-06-09T14:02:11.715743" level="INFO">C:\Users\accro\AppData\Local\Programs\Python\Python313\Lib\site-packages\urllib3\connectionpool.py:1097: InsecureRequestWarning: Unverified HTTPS request is being made to host 'compassuol.serverest.dev'. Adding certificate verification is strongly advised. See: https://urllib3.readthedocs.io/en/latest/advanced-usage.html#tls-warnings
  warnings.warn(</msg>
<msg time="2025-06-09T14:02:11.716312" level="INFO">${response} = &lt;Response [400]&gt;</msg>
<var>${response}</var>
<arg>serverest</arg>
<arg>/usuarios/${id_aleatorio}</arg>
<arg>expected_status=any</arg>
<doc>Sends a GET request on a previously created HTTP Session.</doc>
<status status="PASS" start="2025-06-09T14:02:11.516093" elapsed="0.200271"/>
</kw>
<kw name="Set Test Variable" owner="BuiltIn">
<msg time="2025-06-09T14:02:11.717348" level="INFO">${response} = &lt;Response [400]&gt;</msg>
<arg>${response}</arg>
<doc>Makes a variable available everywhere within the scope of the current test.</doc>
<status status="PASS" start="2025-06-09T14:02:11.716601" elapsed="0.000801"/>
</kw>
<status status="PASS" start="2025-06-09T14:02:11.515079" elapsed="0.202386"/>
</kw>
<kw name="Validar status code" owner="geral_keywords">
<kw name="Should Be True" owner="BuiltIn">
<arg>${response.status_code}==${status_code}</arg>
<arg>O status code deveria ser "${status_code}" e não "${response.status_code}"</arg>
<doc>Fails if the given condition is not true.</doc>
<status status="PASS" start="2025-06-09T14:02:11.717982" elapsed="0.000867"/>
</kw>
<arg>400</arg>
<status status="PASS" start="2025-06-09T14:02:11.717736" elapsed="0.001177"/>
</kw>
<kw name="Validar mensagem retornada" owner="geral_keywords">
<kw name="Should Be Equal" owner="BuiltIn">
<arg>${response.json()["message"]}</arg>
<arg>${mensagem}</arg>
<arg>A mensagem deveria ser "${mensagem}" e não "${response.json()["message"]}"</arg>
<doc>Fails if the given objects are unequal.</doc>
<status status="PASS" start="2025-06-09T14:02:11.719580" elapsed="0.000903"/>
</kw>
<kw name="Log To Console" owner="BuiltIn">
<arg>${response.json()["message"]}</arg>
<doc>Logs the given message to the console.</doc>
<status status="PASS" start="2025-06-09T14:02:11.720631" elapsed="0.000868"/>
</kw>
<arg>Usuário não encontrado</arg>
<status status="PASS" start="2025-06-09T14:02:11.719227" elapsed="0.002365"/>
</kw>
<tag>listar_buscar</tag>
<status status="PASS" start="2025-06-09T14:02:11.514435" elapsed="0.207555"/>
</test>
<status status="FAIL" start="2025-06-09T14:02:07.924859" elapsed="3.798568"/>
</suite>
<status status="FAIL" start="2025-06-09T14:01:54.872182" elapsed="16.852605"/>
</suite>
<statistics>
<total>
<stat pass="18" fail="4" skip="0">All Tests</stat>
</total>
<tag>
<stat pass="6" fail="0" skip="0">cadastro</stat>
<stat pass="2" fail="4" skip="0">cadastro_padrões</stat>
<stat pass="7" fail="0" skip="0">listar_buscar</stat>
<stat pass="3" fail="0" skip="0">login</stat>
</tag>
<suite>
<stat name="Tests" id="s1" pass="18" fail="4" skip="0">Tests</stat>
<stat name="Tests Carrinhos" id="s1-s1" pass="3" fail="0" skip="0">Tests.Tests Carrinhos</stat>
<stat name="Tests Login" id="s1-s2" pass="3" fail="0" skip="0">Tests.Tests Login</stat>
<stat name="Tests Produtos" id="s1-s3" pass="5" fail="0" skip="0">Tests.Tests Produtos</stat>
<stat name="Tests Usuarios" id="s1-s4" pass="7" fail="4" skip="0">Tests.Tests Usuarios</stat>
</suite>
</statistics>
<errors>
</errors>
</robot>
